"force_lower_wall-rfile"
"Time Step" "force_lower_wall etc.."
("Time Step" "force_lower_wall(lower_wall)" "flow-time")
0 0 0
1 0.0009653026762921923 0.0005
2 0.0009155768177059368 0.001
3 0.0008697192950368641 0.0015
4 0.0008273948878282555 0.002
5 0.0007882993340842688 0.0025
6 0.0007521558469916603 0.003
7 0.0007187129950957085 0.0035
8 0.0006877412697275397 0.004
9 0.0006590324365284445 0.004500000000000001
10 0.0006323967341067523 0.005
11 0.0006076613477801032 0.0055
12 0.0005846693659827888 0.006
13 0.0005632763566400323 0.006500000000000001
14 0.0005433519356688116 0.007
15 0.0005247767696110341 0.0075
16 0.0005074420227699247 0.008
17 0.0004912483262627315 0.008500000000000001
18 0.0004761060978051597 0.009000000000000001
19 0.0004619304534158529 0.0095
20 0.0004486464914351735 0.01
21 0.0004361849592405514 0.0105
22 0.0004244825033904074 0.011
23 0.0004134811567740405 0.0115
24 0.0004031278579403773 0.012
25 0.000393373972869976 0.0125
26 0.0003841770983129408 0.013
27 0.0003754926254522667 0.0135
28 0.0003672846030583205 0.014
29 0.0003595186601621603 0.0145
30 0.0003521632100929548 0.015
31 0.0003451892421861691 0.0155
32 0.000338570054407542 0.016
33 0.0003322811082858934 0.0165
34 0.0003263042961566334 0.017
35 0.0003206110221153898 0.0175
36 0.0003151853239178259 0.018
37 0.000310009526465853 0.0185
38 0.0003050673437209725 0.019
39 0.000300343722836279 0.0195
40 0.0002958247502919273 0.02
41 0.0002914975934718245 0.0205
42 0.0002873503743658335 0.021
43 0.0002833720567540483 0.0215
44 0.0002795524857611334 0.022
45 0.0002758822030951068 0.0225
46 0.000272352446382415 0.023
47 0.0002689550873174899 0.0235
48 0.0002656825717598478 0.024
49 0.0002625278782052295 0.0245
50 0.0002594844759667826 0.025
51 0.0002565533750179084 0.0255
52 0.0002537098646157599 0.026
53 0.000250972083199841 0.0265
54 0.0002483188863259149 0.027
55 0.0002457503323810926 0.0275
56 0.0002432621196530016 0.028
57 0.0002408502688161345 0.0285
58 0.000238511003780962 0.029
59 0.0002362408122492452 0.0295
60 0.0002340364385254402 0.03
61 0.000231894779742883 0.0305
62 0.0002298129497902923 0.031
63 0.0002277882128757958 0.0315
64 0.0002258180292425564 0.032
65 0.0002238998958437213 0.0325
66 0.0002220316825679427 0.033
67 0.0002202112363440256 0.0335
68 0.0002184364515441033 0.034
69 0.0002167055286105058 0.0345
70 0.0002150166320804596 0.035
71 0.0002133680840582622 0.0355
72 0.0002117582928142031 0.036
73 0.000210185731046436 0.0365
74 0.0002086489726703518 0.037
75 0.0002071581153769219 0.0375
76 0.0002056811423686902 0.038
77 0.0002042548123851263 0.0385
78 0.0002028408026486262 0.039
79 0.0002014744026001391 0.0395
80 0.0002001189358964202 0.04
81 0.0001988083128328172 0.0405
82 0.0001975172976027582 0.041
83 0.0001962519473935108 0.0415
84 0.0001950018712106305 0.042
85 0.0001937918187764465 0.0425
86 0.0001925985513210595 0.043
87 0.000191418740387618 0.0435
88 0.0001902758407163491 0.044
89 0.0001891479500075554 0.0445
90 0.0001880404855648756 0.045
91 0.0001869528311708711 0.0455
92 0.000185884399792751 0.046
93 0.0001848346209815937 0.0465
94 0.0001838029311058033 0.047
95 0.0001827888217285165 0.0475
96 0.0001817917890947677 0.048
97 0.0001808113502309727 0.0485
98 0.0001798470402878156 0.049
99 0.0001788984179694448 0.0495
100 0.0001779650524178569 0.05
101 0.0001770465330296457 0.0505
102 0.0001761424673862158 0.051
103 0.000175252470299726 0.0515
104 0.0001743761763437892 0.052
105 0.0001735132348445692 0.0525
106 0.0001726633017673248 0.053
107 0.0001718260495965184 0.0535
108 0.0001710011613364536 0.054
109 0.0001701883298481227 0.0545
110 0.0001693872637683235 0.055
111 0.0001685976744868822 0.0555
112 0.0001678192870357449 0.056
113 0.0001670518385145964 0.0565
114 0.0001662950673120292 0.057
115 0.0001655487278645004 0.0575
116 0.0001648125783837135 0.058
117 0.000164086385207754 0.0585
118 0.000163369925938818 0.059
119 0.0001626629795382194 0.0595
120 0.0001619653337040749 0.06
121 0.0001612767855166424 0.0605
122 0.0001605971367066287 0.061
123 0.0001599261944175598 0.0615
124 0.0001592637728693612 0.062
125 0.0001586096890506597 0.0625
126 0.0001579637710572633 0.063
127 0.0001573258443628556 0.0635
128 0.0001566957483185616 0.064
129 0.0001560733165636864 0.0645
130 0.0001554583984404441 0.065
131 0.0001548508368126679 0.0655
132 0.000154250489003002 0.066
133 0.0001536572109076202 0.0665
134 0.0001530708631587035 0.067
135 0.0001524913088702361 0.0675
136 0.0001519184192437938 0.068
137 0.0001513520608872935 0.06850000000000001
138 0.0001507921171798296 0.06900000000000001
139 0.0001502384599300873 0.06950000000000001
140 0.000149690975567759 0.07000000000000001
141 0.0001491495483642425 0.07050000000000001
142 0.000148614062023044 0.07100000000000001
143 0.0001480844128973267 0.07150000000000001
144 0.0001475604930770096 0.07200000000000001
145 0.0001470421976766095 0.0725
146 0.0001465294288009737 0.073
147 0.0001460341961092083 0.0735
148 0.0001455239890320229 0.074
149 0.000145027161072844 0.0745
150 0.0001445472223363774 0.075
151 0.0001440526611101857 0.0755
152 0.0001435824686537884 0.076
153 0.0001430978790952789 0.0765
154 0.0001426371046923924 0.077
155 0.0001421621536935925 0.0775
156 0.0001417104845293402 0.078
157 0.0001412448530190982 0.0785
158 0.0001408019918950967 0.079
159 0.0001403453776988918 0.0795
160 0.0001399110401523509 0.08
161 0.0001394631532018001 0.0805
162 0.0001390370685497321 0.081
163 0.0001385976314430589 0.0815
164 0.0001381795361754098 0.082
165 0.0001377482853646327 0.0825
166 0.0001373379348571156 0.083
167 0.0001369146168012289 0.0835
168 0.0001365117684629479 0.08400000000000001
169 0.000136105932591519 0.08450000000000001
170 0.0001357037468624687 0.08500000000000001
171 0.000135305160008341 0.08550000000000001
172 0.0001349005869033132 0.08600000000000001
173 0.0001345154740894544 0.08650000000000001
174 0.0001341274006500438 0.08700000000000001
175 0.0001337334297427444 0.08750000000000001
176 0.0001333583527414321 0.08799999999999999
177 0.0001329803298031945 0.0885
178 0.0001326055503797218 0.089
179 0.000132233966799128 0.0895
180 0.0001318655369877529 0.09
181 0.0001315002134660631 0.0905
182 0.0001311379538671829 0.091
183 0.0001307787132151974 0.0915
184 0.0001304224519459212 0.092
185 0.000130069126860661 0.0925
186 0.0001297187007773569 0.093
187 0.0001293711306747359 0.0935
188 0.0001290263784268737 0.094
189 0.0001286844058425652 0.0945
190 0.0001283451798376135 0.095
191 0.0001280086562922813 0.0955
192 0.0001276748043793852 0.096
193 0.0001273435868260152 0.0965
194 0.0001270149701401319 0.097
195 0.0001266889167115647 0.0975
196 0.0001263653961787953 0.098
197 0.000126044375616279 0.0985
198 0.0001257258237437397 0.099
199 0.0001254097039546024 0.09950000000000001
200 0.0001250959887769168 0.1
201 0.0001247846488728195 0.1005
202 0.0001244756512238409 0.101
203 0.0001241689661457342 0.1015
204 0.0001238645678337879 0.102
205 0.000123562423948985 0.1025
206 0.0001232625101446363 0.103
207 0.0001229647946970098 0.1035
208 0.0001226692559362254 0.104
209 0.0001223758609599554 0.1045
210 0.0001220845886513944 0.105
211 0.000121795410091179 0.1055
212 0.0001215083013574861 0.106
213 0.000121223239473796 0.1065
214 0.0001209401988651686 0.107
215 0.0001206591523615986 0.1075
216 0.0001203800802474488 0.108
217 0.0001201029567378663 0.1085
218 0.0001198277609668906 0.109
219 0.0001195544690477842 0.1095
220 0.0001192830596723839 0.11
221 0.0001190135118230224 0.1105
222 0.0001187458024060729 0.111
223 0.0001184799088960653 0.1115
224 0.0001182158156154567 0.112
225 0.000117953498515473 0.1125
226 0.0001176929389077975 0.113
227 0.0001174341161010733 0.1135
228 0.0001171770113738421 0.114
229 0.0001169216047838781 0.1145
230 0.000116667880067472 0.115
231 0.0001164158156940763 0.1155
232 0.0001161653924368634 0.116
233 0.0001159165941502508 0.1165
234 0.000115669403676006 0.117
235 0.0001154238033544112 0.1175
236 0.0001151797748674057 0.118
237 0.0001149373033697394 0.1185
238 0.0001146963695747618 0.119
239 0.0001144569587367727 0.1195
240 0.0001142190547785262 0.12
241 0.0001139826408680698 0.1205
242 0.0001137477030941381 0.121
243 0.0001135142255946561 0.1215
244 0.0001132821894557107 0.122
245 0.0001130515844872569 0.1225
246 0.0001128223928424985 0.123
247 0.0001125946013664395 0.1235
248 0.0001123681958655583 0.124
249 0.0001121431622780328 0.1245
250 0.0001119194846384288 0.125
251 0.0001116971513298843 0.1255
252 0.0001114761471647773 0.126
253 0.0001112564602300675 0.1265
254 0.000111038076472265 0.127
255 0.0001108209835010861 0.1275
256 0.000110605167749756 0.128
257 0.0001103906161255542 0.1285
258 0.0001101773189248825 0.129
259 0.0001099652611508273 0.1295
260 0.0001097544323746195 0.13
261 0.0001095448191865582 0.1305
262 0.0001093364090188401 0.131
263 0.0001091908057948594 0.1315
264 0.0001089433288947242 0.132
265 0.0001087383189358083 0.1325
266 0.0001085344737455917 0.133
267 0.0001083317804573204 0.1335
268 0.0001081302286701736 0.134
269 0.0001079298062008618 0.1345
270 0.0001077305021184911 0.135
271 0.0001075323059577047 0.1355
272 0.0001073352078838679 0.136
273 0.0001071391961000952 0.1365
274 0.0001070022343492299 0.137
275 0.0001067693810266241 0.1375
276 0.0001065764392669678 0.138
277 0.0001063845490910752 0.1385
278 0.0001061936973463688 0.139
279 0.0001060603363308327 0.1395
280 0.0001058335787675633 0.14
281 0.0001056456677839723 0.1405
282 0.0001054725552922351 0.141
283 0.0001052773693069621 0.1415
284 0.0001051474295095009 0.142
285 0.0001049264714608 0.1425
286 0.0001047433483888072 0.143
287 0.000104615375533333 0.1435
288 0.0001043977480545992 0.144
289 0.0001042173744048295 0.1445
290 0.0001040913227521855 0.145
291 0.000103876944259592 0.1455
292 0.000103699254847652 0.146
293 0.000103575073339602 0.1465
294 0.0001033638678409226 0.147
295 0.0001031887980586372 0.1475
296 0.00010306645055167 0.148
297 0.0001028583331670309 0.1485
298 0.0001026858185206328 0.149
299 0.0001025652409093612 0.1495
300 0.0001023601593640449 0.15
301 0.0001022407260286009 0.1505
302 0.0001020375631479149 0.151
303 0.0001018815772447294 0.1515
304 0.000101705631879516 0.152
305 0.0001015884780468652 0.1525
306 0.0001013891875077205 0.153
307 0.000101223956511375 0.1535
308 0.0001011084658075267 0.154
309 0.000100911986075187 0.1545
310 0.0001007611113714313 0.155
311 0.0001005909088353256 0.1555
312 0.0001004775758873653 0.156
313 0.0001002847508394108 0.1565
314 0.0001001724502770583 0.157
315 9.998135863699867e-05 0.1575
316 9.987006377936667e-05 0.158
317 9.968069315002237e-05 0.1585
318 9.95704015874775e-05 0.159
319 9.938272008703499e-05 0.1595
320 9.923858617056613e-05 0.16
321 9.907596434849942e-05 0.1605
322 9.896767103460703e-05 0.161
323 9.878338616410644e-05 0.1615
324 9.864186390371853e-05 0.162
325 9.848214830271341e-05 0.1625
326 9.837579837823644e-05 0.163
327 9.81947979926752e-05 0.1635
328 9.808936913285467e-05 0.164
329 9.790993703676475e-05 0.1645
330 9.780542086106632e-05 0.165
331 9.762752930788017e-05 0.1655
332 9.752391208940584e-05 0.166
333 9.734754454151286e-05 0.1665
334 9.724481084924448e-05 0.167
335 9.706994782656492e-05 0.1675
336 9.696808649570052e-05 0.168
337 9.679470769973598e-05 0.1685
338 9.669371082996725e-05 0.169
339 9.652178774181597e-05 0.1695
340 9.642164008072588e-05 0.17
341 9.625116121798219e-05 0.1705
342 9.615184679511788e-05 0.171
343 9.598279102852875e-05 0.1715
344 9.588430797882723e-05 0.172
345 9.571664997737173e-05 0.1725
346 9.561897851037809e-05 0.173
347 9.545270552452869e-05 0.1735
348 9.535584287334844e-05 0.174
349 9.519092777109518e-05 0.1745
350 9.50948572341914e-05 0.175
351 9.49312877615644e-05 0.1755
352 9.48360016851882e-05 0.176
353 9.46737578702445e-05 0.1765
354 9.457924114891769e-05 0.177
355 9.441830535874894e-05 0.1775
356 9.43245488577779e-05 0.178
357 9.416490627926129e-05 0.1785
358 9.407189762729128e-05 0.179
359 9.391353065050555e-05 0.1795
360 9.38212635386641e-05 0.18
361 9.366415072842424e-05 0.1805
362 9.357261367405514e-05 0.181
363 9.341674332788298e-05 0.1815
364 9.332592821025945e-05 0.182
365 9.317128004800961e-05 0.1825
366 9.308117502206483e-05 0.183
367 9.292773581030673e-05 0.1835
368 9.283833264590204e-05 0.184
369 9.268608392495572e-05 0.1845
370 9.259737542406565e-05 0.185
371 9.244630179197934e-05 0.1855
372 9.23582781417075e-05 0.186
373 9.220836263985893e-05 0.1865
374 9.212101509973833e-05 0.187
375 9.197224593675624e-05 0.1875
376 9.18855618060494e-05 0.188
377 9.173792520717139e-05 0.1885
378 9.16519027186658e-05 0.189
379 9.150537873205021e-05 0.1895
380 9.142000326323546e-05 0.19
381 9.127458376710079e-05 0.1905
382 9.118985268982768e-05 0.191
383 9.104551934195945e-05 0.1915
384 9.09614203428886e-05 0.192
385 9.081816214349936e-05 0.1925
386 9.07346863573489e-05 0.193
387 9.059249218162204e-05 0.1935
388 9.050963596586441e-05 0.194
389 9.036848505920722e-05 0.1945
390 9.028624115432299e-05 0.195
391 9.014612561527181e-05 0.1955
392 9.006448450328467e-05 0.196
393 8.992538775793162e-05 0.1965
394 8.984434237580883e-05 0.197
395 8.970625492046401e-05 0.1975
396 8.962579438567264e-05 0.198
397 8.948870187112659e-05 0.1985
398 8.940883188255963e-05 0.199
399 8.927272293515072e-05 0.1995
400 8.919341496832942e-05 0.2
401 8.905828545526697e-05 0.2005
402 8.897954503374598e-05 0.201
403 8.884537646604906e-05 0.2015
404 8.876719468163058e-05 0.202
405 8.863397550864784e-05 0.2025
406 8.855635196952259e-05 0.203
407 8.842406769969923e-05 0.2035
408 8.834699143350415e-05 0.204
409 8.82156299059682e-05 0.2045
410 8.813908722977603e-05 0.205
411 8.8016706313472e-05 0.2055
412 8.791104049603982e-05 0.206
413 8.780575169022595e-05 0.2065
414 8.770084457698306e-05 0.207
415 8.75963081068725e-05 0.2075
416 8.751605747954919e-05 0.208
417 8.738834371222613e-05 0.2085
418 8.731391768626335e-05 0.209
419 8.718708395915819e-05 0.2095
420 8.711317143198256e-05 0.21
421 8.698719359507674e-05 0.2105
422 8.691378385519096e-05 0.211
423 8.679638955371836e-05 0.2115
424 8.67182909934981e-05 0.212
425 8.659398980538462e-05 0.2125
426 8.65215497202317e-05 0.213
427 8.640572160977902e-05 0.2135
428 8.630569552213802e-05 0.214
429 8.622889796202124e-05 0.2145
430 8.61066636865031e-05 0.215
431 8.603543145310352e-05 0.2155
432 8.592151537801409e-05 0.216
433 8.582314767841542e-05 0.2165
434 8.574761689141615e-05 0.217
435 8.562739281148622e-05 0.2175
436 8.555732987962597e-05 0.218
437 8.544528745461541e-05 0.2185
438 8.53707357135059e-05 0.219
439 8.525206751011117e-05 0.2195
440 8.518291242516119e-05 0.22
441 8.506502291146111e-05 0.2205
442 8.499631952921878e-05 0.221
443 8.488643280725279e-05 0.2215
444 8.481331668511519e-05 0.222
445 8.46969296880741e-05 0.2225
446 8.462910936292045e-05 0.223
447 8.452061462635765e-05 0.2235
448 8.444842938857103e-05 0.224
449 8.433351470409459e-05 0.2245
450 8.426654527387878e-05 0.225
451 8.418074349040169e-05 0.2255
452 8.406689284301539e-05 0.226
453 8.400054699031893e-05 0.2265
454 8.388742505658854e-05 0.227
455 8.382150697299967e-05 0.2275
456 8.371605863064825e-05 0.228
457 8.364587726735167e-05 0.2285
458 8.353415841962203e-05 0.229
459 8.346906076393568e-05 0.2295
460 8.336490319068039e-05 0.23
461 8.32956068444136e-05 0.2305
462 8.318526722422645e-05 0.231
463 8.312095721553983e-05 0.2315
464 8.303856933561088e-05 0.232
465 8.292922502653135e-05 0.2325
466 8.286550432346911e-05 0.233
467 8.276356509171816e-05 0.2335
468 8.267550537876842e-05 0.234
469 8.260788734889551e-05 0.2345
470 8.250688338049382e-05 0.235
471 8.243966001128013e-05 0.2355
472 8.233264129997966e-05 0.236
473 8.227027303469073e-05 0.2365
474 8.217047869016641e-05 0.237
475 8.210408028810589e-05 0.2375
476 8.200488511748276e-05 0.238
477 8.193886492230304e-05 0.2385
478 8.183374814044987e-05 0.239
479 8.177248962633495e-05 0.2395
480 8.167446974072622e-05 0.24
481 8.160924414082908e-05 0.2405
482 8.151180079017988e-05 0.241
483 8.144695749536504e-05 0.2415
484 8.135009203026034e-05 0.242
485 8.128561379830681e-05 0.2425
486 8.118294391383603e-05 0.243
487 8.112311188577463e-05 0.2435
488 8.10464354952786e-05 0.244
489 8.094465531516525e-05 0.2445
490 8.088533826717008e-05 0.245
491 8.080931707146874e-05 0.2455
492 8.071465416349655e-05 0.246
493 8.065166058962136e-05 0.2465
494 8.055754174922757e-05 0.247
495 8.049490539276058e-05 0.2475
496 8.040132956710949e-05 0.248
497 8.033905159635915e-05 0.2485
498 8.024600696694632e-05 0.249
499 8.018408297813298e-05 0.2495
500 8.009156251957338e-05 0.25
501 8.002999722717447e-05 0.2505
502 7.993799363857873e-05 0.251
503 7.987677619467408e-05 0.2515
504 7.978530054519326e-05 0.252
505 7.972441913955858e-05 0.2525
506 7.963346484205879e-05 0.253
507 7.957291981039525e-05 0.2535
508 7.948245825664016e-05 0.254
509 7.942226188825692e-05 0.2545
510 7.933231467376389e-05 0.255
511 7.927244670975177e-05 0.2555
512 7.91829962135925e-05 0.256
513 7.912346398527327e-05 0.2565
514 7.903450665264391e-05 0.257
515 7.897529856558637e-05 0.2575
516 7.888683605734791e-05 0.258
517 7.882796018142846e-05 0.2585
518 7.87574981080425e-05 0.259
519 7.866973733692668e-05 0.2595
520 7.861133312413365e-05 0.26
521 7.852405424499732e-05 0.2605
522 7.84659715423907e-05 0.261
523 7.8379166740161e-05 0.2615
524 7.832139821108928e-05 0.262
525 7.823507696129699e-05 0.2625
526 7.817760861375796e-05 0.263
527 7.809174472773516e-05 0.2635
528 7.803459771029798e-05 0.264
529 7.796620377644135e-05 0.2645
530 7.788101525528387e-05 0.265
531 7.787538332408258e-05 0.2655
532 7.775647199377823e-05 0.266
533 7.770002656082322e-05 0.2665
534 7.761568325973616e-05 0.267
535 7.755952973354123e-05 0.2675
536 7.747565000556712e-05 0.268
537 7.747009653418359e-05 0.2685
538 7.734746511225895e-05 0.269
539 7.729557245512627e-05 0.2695
540 7.722906330764418e-05 0.27
541 7.71462003685929e-05 0.2705
542 7.709104836472871e-05 0.271
543 7.702505143731749e-05 0.2715
544 7.69428333670417e-05 0.272
545 7.69373973966097e-05 0.2725
546 7.681721377817631e-05 0.273
547 7.676636648558193e-05 0.2735
548 7.670118222866053e-05 0.274
549 7.663614514056202e-05 0.2745
550 7.655513113635196e-05 0.275
551 7.654977811262037e-05 0.2755
552 7.643135417259345e-05 0.276
553 7.642958783458793e-05 0.2765
554 7.631702608241423e-05 0.277
555 7.626358215235833e-05 0.2775
556 7.619963288342771e-05 0.278
557 7.611995655271969e-05 0.2785
558 7.611468402407311e-05 0.279
559 7.600346117511197e-05 0.2795
560 7.599821805885845e-05 0.28
561 7.588749382679746e-05 0.2805
562 7.588226215895522e-05 0.281
563 7.577201993906869e-05 0.2815
564 7.57668070452474e-05 0.282
565 7.565186354187695e-05 0.2825
566 7.560323284220162e-05 0.283
567 7.554088562346361e-05 0.2835
568 7.552536466304291e-05 0.284
569 7.541149663660065e-05 0.2845
570 7.540979138920277e-05 0.285
571 7.531692299371603e-05 0.2855
572 7.530154008035598e-05 0.286
573 7.518862943138985e-05 0.2865
574 7.518694305846504e-05 0.287
575 7.514085697684587e-05 0.2875
576 7.502865651010149e-05 0.288
577 7.502698083462664e-05 0.2885
578 7.492029590034896e-05 0.289
579 7.486965254055151e-05 0.2895
580 7.480904700831931e-05 0.29
581 7.479395921603921e-05 0.2905
582 7.468325363145211e-05 0.291
583 7.468160109050041e-05 0.2915
584 7.459132313255516e-05 0.292
585 7.451643642300505e-05 0.2925
586 7.451148333858224e-05 0.293
587 7.440695473523971e-05 0.2935
588 7.440201381436595e-05 0.294
589 7.429793404914514e-05 0.2945
590 7.429300642376702e-05 0.295
591 7.418937271888229e-05 0.2955
592 7.418446636328505e-05 0.296
593 7.408127446814005e-05 0.2965
594 7.407638804771718e-05 0.297
595 7.403226863772408e-05 0.2975
596 7.392483170931473e-05 0.298
597 7.392322685907009e-05 0.2985
598 7.387936723355417e-05 0.299
599 7.377740104558487e-05 0.2995
600 7.377257507981046e-05 0.3
601 7.372897376175195e-05 0.3005
602 7.362279016377991e-05 0.301
603 7.36212045336504e-05 0.3015
604 7.357785864560188e-05 0.302
605 7.347709847579853e-05 0.3025
606 7.347231944027541e-05 0.303
607 7.337195493011014e-05 0.3035
608 7.336720063385493e-05 0.304
609 7.326726037567213e-05 0.3045
610 7.326253421901194e-05 0.305
611 7.316301037697825e-05 0.3055
612 7.315830989968459e-05 0.306
613 7.311576391712558e-05 0.3065
614 7.301214744796941e-05 0.307
615 7.30105988569284e-05 0.3075
616 7.296830227465574e-05 0.308
617 7.286995045622384e-05 0.3085
618 7.28652994555412e-05 0.309
619 7.282324441562667e-05 0.3095
620 7.272082236257334e-05 0.31
621 7.271929007755535e-05 0.3105
622 7.267747759468543e-05 0.311
623 7.257566630160589e-05 0.3115
624 7.257413615478745e-05 0.312
625 7.253257202840098e-05 0.3125
626 7.243593388788923e-05 0.313
627 7.243134535584783e-05 0.3135
628 7.239001628872981e-05 0.314
629 7.228935672505212e-05 0.3145
630 7.22878498707726e-05 0.315
631 7.224675508665931e-05 0.3155
632 7.220573806337844e-05 0.316
633 7.210582766142997e-05 0.3165
634 7.210433175836819e-05 0.317
635 7.206353757661479e-05 0.3175
636 7.196419823867688e-05 0.318
637 7.19627111370537e-05 0.3185
638 7.192215571641184e-05 0.319
639 7.182786738153507e-05 0.3195
640 7.182339062019028e-05 0.32
641 7.178306315655736e-05 0.3205
642 7.174281114474476e-05 0.321
643 7.164473687096429e-05 0.3215
644 7.164327514769675e-05 0.322
645 7.160323066413402e-05 0.3225
646 7.156327242701173e-05 0.323
647 7.146592164319849e-05 0.3235
648 7.146445258033897e-05 0.324
649 7.142470270807548e-05 0.3245
650 7.133228655359138e-05 0.325
651 7.132790236076038e-05 0.3255
652 7.128837902748861e-05 0.326
653 7.119211040928452e-05 0.3265
654 7.11906688578605e-05 0.327
655 7.115136959977799e-05 0.3275
656 7.111214794537593e-05 0.328
657 7.101657056392976e-05 0.3285
658 7.101513850380766e-05 0.329
659 7.097611955425444e-05 0.3295
660 7.093717240186449e-05 0.33
661 7.084227629703368e-05 0.3305
662 7.084085493002397e-05 0.331
663 7.080211282524892e-05 0.3315
664 7.071201636290109e-05 0.332
665 7.070775748935198e-05 0.3325
666 7.066922772621425e-05 0.333
667 7.063076966759233e-05 0.3335
668 7.053706292927914e-05 0.334
669 7.053566711723036e-05 0.3345
670 7.0497402589833e-05 0.335
671 7.045921743584363e-05 0.3355
672 7.036617004692104e-05 0.336
673 7.036477583815829e-05 0.3365
674 7.032678679086405e-05 0.337
675 7.028887839293569e-05 0.3375
676 7.025102137200214e-05 0.338
677 7.015875296108652e-05 0.3385
678 7.01573704745857e-05 0.339
679 7.011970739994103e-05 0.3395
680 7.008211795655573e-05 0.34
681 6.999049966597242e-05 0.3405
682 6.998912636040117e-05 0.341
683 6.995172886908807e-05 0.3415
684 6.991440208915099e-05 0.342
685 6.987712537364954e-05 0.3425
686 6.978627746042956e-05 0.343
687 6.978491544161227e-05 0.3435
688 6.974782979451528e-05 0.344
689 6.971080932288305e-05 0.3445
690 6.967384979629266e-05 0.345
691 6.963694729133033e-05 0.3455
692 6.906155259107219e-05 0.3505
693 6.853545507462542e-05 0.3555
694 6.802119738808976e-05 0.3605
695 6.751804108303575e-05 0.3655
696 6.702554031405824e-05 0.3705000000000001
697 6.654324679029321e-05 0.3755000000000001
698 6.60709255142033e-05 0.3805000000000001
699 6.560801898182701e-05 0.3855
700 6.515425743755879e-05 0.3905
701 6.470942347703386e-05 0.3955
702 6.427314601028696e-05 0.4005
703 6.384515619399664e-05 0.4055
704 6.342525487282948e-05 0.4105
705 6.301318574676754e-05 0.4155
706 6.260864436429638e-05 0.4205
707 6.221144878739314e-05 0.4255
708 6.182136578142657e-05 0.4305
709 6.143820207588451e-05 0.4355
710 6.106172691756972e-05 0.4405
711 6.069182406706779e-05 0.4455
712 6.032819334314799e-05 0.4505
713 5.997077461429771e-05 0.4555
714 5.961931386527435e-05 0.4605
715 5.92736352753092e-05 0.4655
716 5.893367871418515e-05 0.4705
717 5.859916432766599e-05 0.4755
718 5.827005489728025e-05 0.4805
719 5.794613378661844e-05 0.4855
720 5.7627342124826e-05 0.4905
721 5.731345981388476e-05 0.4955000000000001
722 5.700440738264227e-05 0.5005000000000001
723 5.670004917785207e-05 0.5055000000000001
724 5.64002496512761e-05 0.5105000000000001
725 5.610494409483829e-05 0.5155000000000001
726 5.581399911641318e-05 0.5205000000000001
727 5.552730084809265e-05 0.5255000000000001
728 5.524475285112111e-05 0.5305
729 5.49662510461516e-05 0.5355000000000001
730 5.469172544587831e-05 0.5405
731 5.442101108135813e-05 0.5455000000000001
732 5.415411500599898e-05 0.5505
733 5.389085208119976e-05 0.5555
734 5.363122517623203e-05 0.5605
735 5.337525950446096e-05 0.5655
736 5.312245387097545e-05 0.5705
737 5.287314173919145e-05 0.5755
738 5.262708541919426e-05 0.5805
739 5.238425807561821e-05 0.5855
740 5.21446897100178e-05 0.5905
741 5.190814597390177e-05 0.5955
742 5.167464071754393e-05 0.6005
743 5.144387387640525e-05 0.6055
744 5.12162719416522e-05 0.6105
745 5.099121352456722e-05 0.6155
746 5.076919234097119e-05 0.6205000000000001
747 5.054973379037661e-05 0.6255000000000001
748 5.033297133958828e-05 0.6305000000000001
749 5.011880607702583e-05 0.6355
750 4.99072217375019e-05 0.6405000000000001
751 4.96980618636385e-05 0.6455
752 4.949142451651617e-05 0.6505000000000001
753 4.928709464634771e-05 0.6555
754 4.908522118823254e-05 0.6605000000000001
755 4.888560065196247e-05 0.6655
756 4.868824603910862e-05 0.6705000000000001
757 4.84930614260963e-05 0.6755
758 4.830015367419638e-05 0.6805000000000001
759 4.810932819749664e-05 0.6855
760 4.792056836781865e-05 0.6905000000000001
761 4.773395006776656e-05 0.6955
762 4.754927577236322e-05 0.7005
763 4.736665683012265e-05 0.7055
764 4.718594508740915e-05 0.7105
765 4.700711951154369e-05 0.7155
766 4.683020867319833e-05 0.7205
767 4.665514338083198e-05 0.7255
768 4.648188992397641e-05 0.7305
769 4.631045845154131e-05 0.7355
770 4.614069648612319e-05 0.7405
771 4.597273383453883e-05 0.7455000000000001
772 4.580638840380714e-05 0.7505000000000001
773 4.564178446604064e-05 0.7555000000000001
774 4.547873649180542e-05 0.7605000000000001
775 4.531737229309049e-05 0.7655000000000001
776 4.515751694829958e-05 0.7705
777 4.499928682117453e-05 0.7755000000000001
778 4.484252137559693e-05 0.7805
779 4.468729256519333e-05 0.7855000000000001
780 4.453357447414376e-05 0.7905
781 4.438127990144848e-05 0.7955000000000001
782 4.423041917458496e-05 0.8005
783 4.408093726389715e-05 0.8055000000000001
784 4.393291034513724e-05 0.8105
785 4.378621558977543e-05 0.8155000000000001
786 4.36408285490921e-05 0.8205
787 4.349680783302477e-05 0.8255
788 4.335412319107085e-05 0.8305
789 4.321263458579638e-05 0.8355
790 4.30724629064896e-05 0.8405
791 4.29335332017843e-05 0.8455
792 4.279587842994072e-05 0.8505
793 4.265938332690122e-05 0.8555
794 4.252407150714264e-05 0.8605
795 4.238994768971153e-05 0.8655
796 4.225697059454141e-05 0.8705000000000001
797 4.212509506114513e-05 0.8755000000000001
798 4.199438437211633e-05 0.8805000000000001
799 4.186478993467354e-05 0.8855000000000001
800 4.173627635054043e-05 0.8905000000000001
801 4.160886688682706e-05 0.8955000000000001
802 4.148245262668188e-05 0.9005000000000001
803 4.135710849369926e-05 0.9055000000000001
804 4.123281219762339e-05 0.9105000000000001
805 4.110955449772319e-05 0.9155000000000001
806 4.098723132277421e-05 0.9205000000000001
807 4.08659332694051e-05 0.9255
808 4.074563629194223e-05 0.9305
809 4.062626616059888e-05 0.9355
810 4.050781284633434e-05 0.9405
811 4.039037330474056e-05 0.9455
812 4.027378053520855e-05 0.9505
813 4.015813615829269e-05 0.9555
814 4.004338166847138e-05 0.9605
815 3.992952720625447e-05 0.9655
816 3.981654072448149e-05 0.9705
817 3.970441983651695e-05 0.9755
818 3.959317807583932e-05 0.9805
819 3.948271773180874e-05 0.9855
820 3.937312229727437e-05 0.9905
821 3.926434597625067e-05 0.9955000000000001
822 3.915649713437337e-05 1.0005
823 3.904926403304608e-05 1.0055
824 3.894300417737051e-05 1.0105
825 3.883734162412688e-05 1.0155
826 3.873262924222793e-05 1.0205
827 3.862850609608307e-05 1.0255
828 3.852517982094373e-05 1.0305
829 3.842271442991052e-05 1.0355
830 3.832092622837405e-05 1.0405
831 3.821986271389594e-05 1.0455
832 3.811950442234895e-05 1.0505
833 3.801988154122858e-05 1.0555
834 3.79209158913894e-05 1.0605
835 3.782266004871735e-05 1.0655
836 3.772510052738352e-05 1.0705
837 3.7628176294929e-05 1.0755
838 3.753194231380297e-05 1.0805
839 3.74363657409586e-05 1.0855
840 3.734144055095632e-05 1.0905
841 3.724715307961258e-05 1.0955
842 3.715350626486239e-05 1.1005
843 3.70604968867378e-05 1.1055
844 3.696810093111537e-05 1.1105
845 3.687629824951388e-05 1.1155
846 3.678512093912001e-05 1.1205
847 3.66945447623609e-05 1.1255
848 3.660456318737478e-05 1.1305
849 3.651516302983503e-05 1.1355
850 3.642634738990074e-05 1.1405
851 3.633810530570977e-05 1.1455
852 3.625044726874169e-05 1.1505
853 3.61633142499712e-05 1.1555
854 3.607676207720381e-05 1.1605
855 3.599075448989287e-05 1.1655
856 3.590529251022044e-05 1.1705
857 3.582036452739118e-05 1.1755
858 3.5735972734065e-05 1.1805
859 3.56521064159505e-05 1.1855
860 3.556875840606494e-05 1.1905
861 3.548592681202498e-05 1.1955
862 3.540361081657383e-05 1.2005
863 3.532181315628545e-05 1.2055
864 3.52404789094365e-05 1.2105
865 3.515966496806574e-05 1.2155
866 3.507932770577738e-05 1.2205
867 3.499947659039767e-05 1.2255
868 3.492011668078465e-05 1.2305
869 3.484121808413889e-05 1.2355
870 3.476280351073755e-05 1.2405
871 3.468484176347625e-05 1.2455
872 3.460737060149948e-05 1.2505
873 3.453031029272274e-05 1.2555
874 3.445371169635172e-05 1.2605
875 3.437756516503418e-05 1.2655
876 3.430186570935739e-05 1.2705
877 3.422660732476564e-05 1.2755
878 3.415177079856655e-05 1.2805
879 3.407737011284856e-05 1.2855
880 3.400340086780218e-05 1.2905
881 3.392984891891389e-05 1.2955
882 3.385671477516458e-05 1.3005
883 3.378399426952983e-05 1.3055
884 3.371167494258353e-05 1.3105
885 3.363977009597726e-05 1.3155
886 3.356826442621623e-05 1.3205
887 3.349715356046637e-05 1.3255
888 3.342644116965537e-05 1.3305
889 3.335611502825124e-05 1.3355
890 3.328617685575965e-05 1.3405
891 3.321662189471579e-05 1.3455
892 3.31474482666571e-05 1.3505
893 3.307865150859378e-05 1.3555
894 3.301022449917434e-05 1.3605
895 3.294216863776137e-05 1.3655
896 3.28744794083764e-05 1.3705
897 3.280715095257053e-05 1.3755
898 3.274018190334342e-05 1.3805
899 3.267356978467196e-05 1.3855
900 3.26073133208824e-05 1.3905
901 3.254139910905195e-05 1.3955
902 3.247583747694467e-05 1.4005
903 3.241061818460158e-05 1.4055
904 3.234573890721156e-05 1.4105
905 3.22811971692349e-05 1.4155
906 3.221698711343134e-05 1.4205
907 3.215311413127309e-05 1.4255
908 3.208956846471549e-05 1.4305
909 3.202634762026245e-05 1.4355
910 3.196344948939231e-05 1.4405
911 3.190087235085304e-05 1.4455
912 3.183861273015745e-05 1.4505
913 3.177666970852032e-05 1.4555
914 3.171503610401911e-05 1.4605
915 3.165371598798336e-05 1.4655
916 3.159269889789441e-05 1.4705
917 3.153198869881326e-05 1.4755
918 3.14715784759572e-05 1.4805
919 3.141146932971162e-05 1.4855
920 3.135165495881484e-05 1.4905
921 3.129213590683807e-05 1.4955
922 3.123290658450172e-05 1.5005
923 3.117396986096996e-05 1.5055
924 3.111531986204164e-05 1.5105
925 3.105695170987893e-05 1.5155
926 3.099887136029162e-05 1.5205
927 3.094106841426523e-05 1.5255
928 3.088354219107238e-05 1.5305
929 3.082644048410312e-05 1.5355
930 3.076938429770773e-05 1.5405
931 3.071281533240184e-05 1.5455
932 3.065644372809109e-05 1.5505
933 3.060033833754719e-05 1.5555
934 3.054449787097718e-05 1.5605
935 3.04889090954427e-05 1.5655
936 3.043359037123859e-05 1.5705
937 3.037854950667721e-05 1.5755
938 3.032371762641914e-05 1.5805
939 3.026916437863503e-05 1.5855
940 3.021486228872394e-05 1.5905
941 3.016081282167423e-05 1.5955
942 3.01070123524274e-05 1.6005
943 3.005346105644746e-05 1.6055
944 3.00001449342941e-05 1.6105
945 2.994707544406699e-05 1.6155
946 2.989424066928692e-05 1.6205
947 2.984166121080869e-05 1.6255
948 2.978931105776349e-05 1.6305
949 2.973718884369539e-05 1.6355
950 2.968531309999755e-05 1.6405
951 2.963366051249839e-05 1.6455
952 2.958224576311431e-05 1.6505
953 2.953105016142144e-05 1.6555
954 2.948008692753541e-05 1.6605
955 2.942934697015183e-05 1.6655
956 2.937882957306763e-05 1.6705
957 2.932853664870004e-05 1.6755
958 2.927846085599154e-05 1.6805
959 2.922860671652131e-05 1.6855
960 2.917897287471454e-05 1.6905
961 2.912954484885363e-05 1.6955
962 2.908033337323868e-05 1.7005
963 2.903133951588308e-05 1.7055
964 2.898255361811361e-05 1.7105
965 2.89339693356106e-05 1.7155
966 2.888560227706791e-05 1.7205
967 2.883743815576788e-05 1.7255
968 2.878950981623665e-05 1.7305
969 2.874172371605552e-05 1.7355
970 2.869416668910674e-05 1.7405
971 2.864681899505001e-05 1.7455
972 2.859965534448083e-05 1.7505
973 2.855270846791149e-05 1.7555
974 2.850594695984316e-05 1.7605
975 2.845937947220735e-05 1.7655
976 2.841301156648498e-05 1.7705
977 2.836683414457878e-05 1.7755
978 2.832084195576989e-05 1.7805
979 2.827504756267958e-05 1.7855
980 2.822944055850487e-05 1.7905
981 2.818401614245191e-05 1.7955
982 2.813877486261212e-05 1.8005
983 2.809372152511643e-05 1.8055
984 2.804885344608721e-05 1.8105
985 2.800416955517587e-05 1.8155
986 2.795966179616995e-05 1.8205
987 2.791532823514907e-05 1.8255
988 2.787117926936494e-05 1.8305
989 2.78272069484958e-05 1.8355
990 2.778341454563847e-05 1.8405
991 2.773982267532527e-05 1.8455
992 2.769633674923202e-05 1.8505
993 2.765309425506438e-05 1.8555
994 2.760996240196379e-05 1.8605
995 2.756702647561557e-05 1.8655
996 2.75242654752715e-05 1.8705
997 2.748167098956509e-05 1.8755
998 2.743923609967065e-05 1.8805
999 2.739698488888513e-05 1.8855
1000 2.735487075032887e-05 1.8905
1001 2.731294469694264e-05 1.8955
1002 2.727117279321949e-05 1.9005
1003 2.72295603248393e-05 1.9055
1004 2.718811197228815e-05 1.9105
1005 2.714681978180422e-05 1.9155
1006 2.710568865400431e-05 1.9205
1007 2.706471445596971e-05 1.9255
1008 2.702389869195352e-05 1.9305
1009 2.69832334315525e-05 1.9355
1010 2.694272511159433e-05 1.9405
1011 2.690237095759583e-05 1.9455
1012 2.686216079000609e-05 1.9505
1013 2.68221075341488e-05 1.9555
1014 2.678221327928823e-05 1.9605
1015 2.674246670308463e-05 1.9655
1016 2.670286631443174e-05 1.9705
1017 2.666340858103321e-05 1.9755
1018 2.662410417583071e-05 1.9805
1019 2.658494286395316e-05 1.9855
1020 2.654592945181729e-05 1.9905
1021 2.650705781425967e-05 1.9955
1022 2.646833014661322e-05 2.0005
1023 2.642974728611187e-05 2.0055
1024 2.639130269609479e-05 2.0105
1025 2.635300270464455e-05 2.0155
1026 2.631483618092262e-05 2.0205
1027 2.627681275194451e-05 2.0255
1028 2.62389211693171e-05 2.0305
1029 2.620118272321465e-05 2.0355
1030 2.616356971077628e-05 2.0405
1031 2.612609260784489e-05 2.0455
1032 2.60887573253038e-05 2.0505
1033 2.605154631819971e-05 2.0555
1034 2.601446337258711e-05 2.0605
1035 2.59775339497148e-05 2.0655
1036 2.594078352292296e-05 2.0705
1037 2.590403525193284e-05 2.0755
1038 2.586751923805224e-05 2.0805
1039 2.58310769826291e-05 2.0855
1040 2.57947952095813e-05 2.0905
1041 2.575863590473198e-05 2.0955
1042 2.572259987765578e-05 2.1005
1043 2.568670364673742e-05 2.1055
1044 2.565092029013754e-05 2.1105
1045 2.561525881447843e-05 2.1155
1046 2.557973421125684e-05 2.1205
1047 2.554433185542453e-05 2.1255
1048 2.550902780726752e-05 2.1305
1049 2.547387548591966e-05 2.1355
1050 2.543882336066067e-05 2.1405
1051 2.540391026413626e-05 2.1455
1052 2.536910506745231e-05 2.1505
1053 2.533441593459881e-05 2.1555
1054 2.529985854066137e-05 2.1605
1055 2.52654197042671e-05 2.1655
1056 2.523109988524892e-05 2.1705
1057 2.519688012330973e-05 2.1755
1058 2.516279067961563e-05 2.1805
1059 2.512881667021116e-05 2.1855
1060 2.509495620201485e-05 2.1905
1061 2.506121002472607e-05 2.1955
1062 2.50275783350883e-05 2.2005
1063 2.499405636645853e-05 2.2055
1064 2.496066884948514e-05 2.2105
1065 2.492735550707303e-05 2.2155
1066 2.489415876041734e-05 2.2205
1067 2.48610817441566e-05 2.2255
1068 2.482812803601074e-05 2.2305
1069 2.479526048220134e-05 2.2355
1070 2.476253361382925e-05 2.2405
1071 2.472987869136559e-05 2.2455
1072 2.469734187482687e-05 2.2505
1073 2.466491694381924e-05 2.2555
1074 2.46326104858224e-05 2.2605
1075 2.460038149581918e-05 2.2655
1076 2.456827779392877e-05 2.2705
1077 2.453627277917186e-05 2.2755
1078 2.450438518928485e-05 2.2805
1079 2.447258605153957e-05 2.2855
1080 2.444090207960853e-05 2.2905
1081 2.440930687959767e-05 2.2955
1082 2.437781493878112e-05 2.3005
1083 2.434642542664874e-05 2.3055
1084 2.431515114976322e-05 2.3105
1085 2.428396152396314e-05 2.3155
1086 2.425286957778424e-05 2.3205
1087 2.422189212895801e-05 2.3255
1088 2.419101039826681e-05 2.3305
1089 2.416023064869145e-05 2.3355
1090 2.412953764050545e-05 2.3405
1091 2.409893365687449e-05 2.3455
1092 2.406844425028284e-05 2.3505
1093 2.403804722684073e-05 2.3555
1094 2.400774887614309e-05 2.3605
1095 2.397752762391444e-05 2.3655
1096 2.394742233338863e-05 2.3705
1097 2.391740521012047e-05 2.3755
1098 2.388748913273563e-05 2.3805
1099 2.385764098508939e-05 2.3855
1100 2.382790518239629e-05 2.3905
1101 2.379826060623202e-05 2.3955
1102 2.376870734819554e-05 2.4005
1103 2.373924655256294e-05 2.4055
1104 2.370987462968933e-05 2.4105
1105 2.368059742554962e-05 2.4155
1106 2.365140422081189e-05 2.4205
1107 2.362230302360593e-05 2.4255
1108 2.359329171995101e-05 2.4305
1109 2.356437186448952e-05 2.4355
1110 2.353553494091896e-05 2.4405
1111 2.35067883665614e-05 2.4455
1112 2.347812808306944e-05 2.4505
1113 2.344955469852344e-05 2.4555
1114 2.342106883702728e-05 2.4605
1115 2.339266711518748e-05 2.4655
1116 2.336435380181927e-05 2.4705
1117 2.333612593899516e-05 2.4755
1118 2.330795735578074e-05 2.4805
1119 2.327991887138447e-05 2.4855
1120 2.325194225004377e-05 2.4905
1121 2.322405484854736e-05 2.4955
1122 2.31962478674131e-05 2.5005
1123 2.316852120987649e-05 2.5055
1124 2.314087942547508e-05 2.5105
1125 2.311331972575697e-05 2.5155
1126 2.308584035281071e-05 2.5205
1127 2.305844349249196e-05 2.5255
1128 2.303112964347659e-05 2.5305
1129 2.300389289987623e-05 2.5355
1130 2.29767369998271e-05 2.5405
1131 2.294965623586906e-05 2.5455
1132 2.292284004800911e-05 2.5505
1133 2.289581627253203e-05 2.5555
1134 2.286915257499512e-05 2.5605
1135 2.284228512502479e-05 2.5655
1136 2.281577547227603e-05 2.5705
1137 2.278924169408856e-05 2.5755
1138 2.276278231808418e-05 2.5805
1139 2.273639593919013e-05 2.5855
1140 2.271008663459898e-05 2.5905
1141 2.268385247405139e-05 2.5955
1142 2.265769397568286e-05 2.6005
1143 2.26316040072857e-05 2.6055
1144 2.260559444436151e-05 2.6105
1145 2.25796525004697e-05 2.6155
1146 2.255378871184313e-05 2.6205
1147 2.252799976996889e-05 2.6255
1148 2.250227969075164e-05 2.6305
1149 2.247663929337524e-05 2.6355
1150 2.245106598315442e-05 2.6405
1151 2.242556628003894e-05 2.6455
1152 2.240013731145028e-05 2.6505
1153 2.237478235752903e-05 2.6555
1154 2.234949865994543e-05 2.6605
1155 2.232428646127846e-05 2.6655
1156 2.229914775982524e-05 2.6705
1157 2.227407114982033e-05 2.6755
1158 2.22490726705044e-05 2.6805
1159 2.222413907789255e-05 2.6855
1160 2.219927365162471e-05 2.6905
1161 2.217447933737572e-05 2.6955
1162 2.214975338407232e-05 2.7005
1163 2.212509871313572e-05 2.7055
1164 2.2100510549124e-05 2.7105
1165 2.207599012377398e-05 2.7155
1166 2.205153881219363e-05 2.7205
1167 2.202715463942616e-05 2.7255
1168 2.200283668718264e-05 2.7305
1169 2.197858551532255e-05 2.7355
1170 2.195440041187332e-05 2.7405
1171 2.193028289177049e-05 2.7455
1172 2.190623108047241e-05 2.7505
1173 2.188224466000783e-05 2.7555
1174 2.185832191872568e-05 2.7605
1175 2.18344651729035e-05 2.7655
1176 2.18106713218586e-05 2.7705
1177 2.178694748525226e-05 2.7755
1178 2.176327852447536e-05 2.7805
1179 2.173967942283986e-05 2.7855
1180 2.171614746093359e-05 2.7905
1181 2.169267383929813e-05 2.7955
1182 2.166926838317618e-05 2.8005
1183 2.16459209858852e-05 2.8055
1184 2.162263779870414e-05 2.8105
1185 2.159941374666065e-05 2.8155
1186 2.157625527109972e-05 2.8205
1187 2.155315670136574e-05 2.8255
1188 2.153011979989631e-05 2.8305
1189 2.150714530600214e-05 2.8355
1190 2.148423190961473e-05 2.8405
1191 2.146137906656518e-05 2.8455
1192 2.143858803872452e-05 2.8505
1193 2.141585399302716e-05 2.8555
1194 2.13931826381791e-05 2.8605
1195 2.137056997188045e-05 2.8655
1196 2.134801573862335e-05 2.8705
1197 2.132552123072855e-05 2.8755
1198 2.130308549495251e-05 2.8805
1199 2.128071064593654e-05 2.8855
1200 2.125839674279208e-05 2.8905
1201 2.123613661174614e-05 2.8955
1202 2.121393398533859e-05 2.9005
1203 2.119178747346714e-05 2.9055
1204 2.116970189400689e-05 2.9105
1205 2.114767221914735e-05 2.9155
1206 2.112570318412087e-05 2.9205
1207 2.110379087580039e-05 2.9255
1208 2.108192984037911e-05 2.9305
1209 2.106012982313697e-05 2.9355
1210 2.103838170505953e-05 2.9405
1211 2.10166896391953e-05 2.9455
1212 2.099505668564918e-05 2.9505
1213 2.097347837703478e-05 2.9555
1214 2.095195099504816e-05 2.9605
1215 2.093048458450137e-05 2.9655
1216 2.090906936034819e-05 2.9705
1217 2.088771191978757e-05 2.9755
1218 2.086640270292215e-05 2.9805
1219 2.084515562397093e-05 2.9855
1220 2.08239571701388e-05 2.9905
1221 2.080281441092697e-05 2.9955
1222 2.078172197141082e-05 3.0005
1223 2.076068585073347e-05 3.0055
1224 2.073970190845403e-05 3.0105
1225 2.071877197691422e-05 3.0155
1226 2.069789167132714e-05 3.0205
1227 2.067706450608061e-05 3.0255
1228 2.065629057005414e-05 3.0305
1229 2.063556863424063e-05 3.0355
1230 2.061489728566627e-05 3.0405
1231 2.05942802447455e-05 3.0455
1232 2.057371319499254e-05 3.0505
1233 2.0553195712793e-05 3.0555
1234 2.053272998140471e-05 3.0605
1235 2.051231480402809e-05 3.0655
1236 2.049195124497777e-05 3.0705
1237 2.047163928054731e-05 3.0755
1238 2.045137631465041e-05 3.0805
1239 2.043116004598969e-05 3.0855
1240 2.041099650223241e-05 3.0905
1241 2.039088122758608e-05 3.0955
1242 2.037081577016662e-05 3.1005
1243 2.03508001818481e-05 3.1055
1244 2.033083272875228e-05 3.1105
1245 2.031091595718115e-05 3.1155
1246 2.029104670547496e-05 3.1205
1247 2.027122192777127e-05 3.1255
1248 2.025145472962972e-05 3.1305
1249 2.023173399303854e-05 3.1355
1250 2.02120465030431e-05 3.1405
1251 2.019241893073061e-05 3.1455
1252 2.01728405357279e-05 3.1505
1253 2.015330332759576e-05 3.1555
1254 2.01338159442491e-05 3.1605
1255 2.011437780440745e-05 3.1655
1256 2.009498395644731e-05 3.1705
1257 2.007563840683516e-05 3.1755
1258 2.005633618668554e-05 3.1805
1259 2.003708209692959e-05 3.1855
1260 2.001787406693278e-05 3.1905
1261 1.999871259235797e-05 3.1955
1262 1.997959745456544e-05 3.2005
1263 1.996053176365219e-05 3.2055
1264 1.994149999999e-05 3.2105
1265 1.992252134914146e-05 3.2155
1266 1.990358737111002e-05 3.2205
1267 1.988469372265444e-05 3.2255
1268 1.98658492236365e-05 3.2305
1269 1.984704764062213e-05 3.2355
1270 1.982828971684234e-05 3.2405
1271 1.980957795798571e-05 3.2455
1272 1.979091037715543e-05 3.2505
1273 1.977228456736127e-05 3.2555
1274 1.975370423778968e-05 3.2605
1275 1.9735167900335e-05 3.2655
1276 1.9716676970528e-05 3.2705
1277 1.969822412340246e-05 3.2755
1278 1.967981667412352e-05 3.2805
1279 1.966145143798219e-05 3.2855
1280 1.964312872543344e-05 3.2905
1281 1.962485164182425e-05 3.2955
1282 1.960661629538139e-05 3.3005
1283 1.958841398801886e-05 3.3055
1284 1.957026662627239e-05 3.3105
1285 1.955215711786556e-05 3.3155
1286 1.953408886837753e-05 3.3205
1287 1.951606278756947e-05 3.3255
1288 1.949807780680445e-05 3.3305
1289 1.948013532418316e-05 3.3355
1290 1.946223432782498e-05 3.3405
1291 1.944437222829454e-05 3.3455
1292 1.942654941790513e-05 3.3505
1293 1.940877205831207e-05 3.3555
1294 1.93910346607787e-05 3.3605
1295 1.937333623830648e-05 3.3655
1296 1.93556776443681e-05 3.3705
1297 1.933805973126529e-05 3.3755
1298 1.932048074104161e-05 3.3805
1299 1.930294556355062e-05 3.3855
1300 1.92854468200616e-05 3.3905
1301 1.926798616575286e-05 3.3955
1302 1.925057064422632e-05 3.4005
1303 1.923318899733076e-05 3.4055
1304 1.921584825239782e-05 3.4105
1305 1.919854875529765e-05 3.4155
1306 1.918128343226844e-05 3.4205
1307 1.916406583990692e-05 3.4255
1308 1.914687960105595e-05 3.4305
1309 1.912973684392272e-05 3.4355
1310 1.91126251562281e-05 3.4405
1311 1.909555548047795e-05 3.4455
1312 1.907852579278071e-05 3.4505
1313 1.906153104507814e-05 3.4555
1314 1.904457784461792e-05 3.4605
1315 1.902765368684215e-05 3.4655
1316 1.901077873578855e-05 3.4705
1317 1.899393905524404e-05 3.4755
1318 1.897712344070466e-05 3.4805
1319 1.89603620565062e-05 3.4855
1320 1.894363117215513e-05 3.4905
1321 1.892694080600219e-05 3.4955
1322 1.89102835668127e-05 3.5005
1323 1.889366338408654e-05 3.5055
1324 1.887708064599838e-05 3.5105
1325 1.886053367419561e-05 3.5155
1326 1.884402713924705e-05 3.5205
1327 1.88275478316606e-05 3.5255
1328 1.881110966701899e-05 3.5305
1329 1.879470650913166e-05 3.5355
1330 1.877834513899678e-05 3.5405
1331 1.876201059075628e-05 3.5455
1332 1.874570914615516e-05 3.5505
1333 1.872944873285216e-05 3.5555
1334 1.871322755824255e-05 3.5605
1335 1.869704055302411e-05 3.5655
1336 1.868088534517586e-05 3.5705
1337 1.866476692228915e-05 3.5755
1338 1.864868387602151e-05 3.5805
1339 1.863263467282304e-05 3.5855
1340 1.86166157825954e-05 3.5905
1341 1.860064239320599e-05 3.5955
1342 1.858469469981188e-05 3.6005
1343 1.856878097515627e-05 3.6055
1344 1.855290545282576e-05 3.6105
1345 1.853705915370947e-05 3.6155
1346 1.852124688316086e-05 3.6205
1347 1.850548000585589e-05 3.6255
1348 1.848973821078633e-05 3.6305
1349 1.847402751175442e-05 3.6355
1350 1.845835528251429e-05 3.6405
1351 1.844271410157508e-05 3.6455
1352 1.842710873326804e-05 3.6505
1353 1.841153331108932e-05 3.6555
1354 1.839598952399554e-05 3.6605
1355 1.838048045256849e-05 3.6655
1356 1.83650081706584e-05 3.6705
1357 1.83495640400027e-05 3.6755
1358 1.833415319394436e-05 3.6805
1359 1.831877327338358e-05 3.6855
1360 1.830343265626922e-05 3.6905
1361 1.828812312820445e-05 3.6955
1362 1.827285570157627e-05 3.7005
1363 1.82575802704431e-05 3.7055
1364 1.824237012154357e-05 3.7105
1365 1.822718705604606e-05 3.7155
1366 1.821204253932573e-05 3.7205
1367 1.81969080606884e-05 3.7255
1368 1.81818232896278e-05 3.7305
1369 1.816676412767985e-05 3.7355
1370 1.815173876226134e-05 3.7405
1371 1.813674186912495e-05 3.7455
1372 1.812177956768625e-05 3.7505
1373 1.810684834768517e-05 3.7555
1374 1.809194496818693e-05 3.7605
1375 1.807707204788169e-05 3.7655
1376 1.806223242372917e-05 3.7705
1377 1.80474232102434e-05 3.7755
1378 1.803264488595374e-05 3.7805
1379 1.801789666262555e-05 3.7855
1380 1.800317430632397e-05 3.7905
1381 1.798848889390675e-05 3.7955
1382 1.797381470911061e-05 3.8005
1383 1.795920064084474e-05 3.8055
1384 1.794461304230758e-05 3.8105
1385 1.793004197836757e-05 3.8155
1386 1.791548755267294e-05 3.8205
1387 1.790102920159178e-05 3.8255
1388 1.788654439259967e-05 3.8305
1389 1.78720455457261e-05 3.8355
1390 1.785762897508101e-05 3.8405
1391 1.784324553327438e-05 3.8455
1392 1.782887803808755e-05 3.8505
1393 1.781460740167231e-05 3.8555
1394 1.780024186955073e-05 3.8605
1395 1.778596244792077e-05 3.8655
1396 1.777174492545478e-05 3.8705
1397 1.77574962423068e-05 3.8755
1398 1.774331752824242e-05 3.8805
1399 1.772914604388519e-05 3.8855
1400 1.771501448202452e-05 3.8905
1401 1.770097472815697e-05 3.8955
1402 1.768684267847345e-05 3.9005
1403 1.767285352707022e-05 3.9055
1404 1.765876626159216e-05 3.9105
1405 1.764477552576032e-05 3.9155
1406 1.763083926809294e-05 3.9205
1407 1.761688881884557e-05 3.9255
1408 1.76029782276312e-05 3.9305
1409 1.758909874933689e-05 3.9355
1410 1.75752522968718e-05 3.9405
1411 1.756148432912505e-05 3.9455
1412 1.75476982193179e-05 3.9505
1413 1.753391823265653e-05 3.9555
1414 1.752013651673709e-05 3.9605
1415 1.750641740541324e-05 3.9655
1416 1.74927903923998e-05 3.9705
1417 1.74790740408112e-05 3.9755
1418 1.746545689813084e-05 3.9805
1419 1.745183894673118e-05 3.9855
1420 1.743827867063454e-05 3.9905
1421 1.742470601468013e-05 3.9955
1422 1.74112040767535e-05 4.000500000000001
1423 1.73976965776263e-05 4.005500000000001
1424 1.738422893463602e-05 4.0105
1425 1.737078005315708e-05 4.0155
1426 1.735735784411793e-05 4.0205
1427 1.73439667017288e-05 4.0255
1428 1.733062408254509e-05 4.0305
1429 1.731726718545017e-05 4.0355
1430 1.730396652682574e-05 4.040500000000001
1431 1.729065646551701e-05 4.045500000000001
1432 1.727741487153873e-05 4.0505
1433 1.726420362456479e-05 4.0555
1434 1.72509348903744e-05 4.0605
1435 1.723778935731447e-05 4.0655
1436 1.722462882238627e-05 4.0705
1437 1.721143131578411e-05 4.0755
1438 1.719834292988681e-05 4.0805
1439 1.718526144051562e-05 4.085500000000001
1440 1.717220972798124e-05 4.0905
1441 1.715918131878717e-05 4.0955
1442 1.714617635179594e-05 4.1005
1443 1.713319556829927e-05 4.1055
1444 1.712025033680426e-05 4.1105
1445 1.710750049658975e-05 4.1155
1446 1.70944844762582e-05 4.1205
1447 1.708159573332515e-05 4.125500000000001
1448 1.706873415827338e-05 4.130500000000001
1449 1.705589338201138e-05 4.1355
1450 1.704308654478935e-05 4.1405
1451 1.703029976327352e-05 4.1455
1452 1.701752245781606e-05 4.1505
1453 1.700478986812944e-05 4.1555
1454 1.699231486247357e-05 4.1605
1455 1.697949294824625e-05 4.165500000000001
1456 1.696681253918618e-05 4.170500000000001
1457 1.695417006459758e-05 4.1755
1458 1.694154788766411e-05 4.1805
1459 1.692894983525897e-05 4.1855
1460 1.691638664180126e-05 4.1905
1461 1.690383842203249e-05 4.1955
1462 1.689131193226208e-05 4.2005
1463 1.687886800371804e-05 4.2055
1464 1.686653930833254e-05 4.210500000000001
1465 1.685397776919045e-05 4.2155
1466 1.684156866401363e-05 4.2205
1467 1.682915197762051e-05 4.2255
1468 1.681675077258295e-05 4.2305
1469 1.680438667973175e-05 4.2355
1470 1.679205018064106e-05 4.2405
1471 1.677979064872239e-05 4.2455
1472 1.676744716316972e-05 4.250500000000001
1473 1.675522294159843e-05 4.255500000000001
1474 1.674316391351127e-05 4.2605
1475 1.67308132646742e-05 4.2655
1476 1.671886434820232e-05 4.2705
1477 1.670653476964868e-05 4.2755
1478 1.669459335611164e-05 4.2805
1479 1.668233570165643e-05 4.2855
1480 1.667022266812119e-05 4.290500000000001
1481 1.665814736660001e-05 4.295500000000001
1482 1.664606716663087e-05 4.3005
1483 1.663402878288058e-05 4.3055
1484 1.662201205184991e-05 4.3105
1485 1.661001856856534e-05 4.3155
1486 1.659804765051113e-05 4.3205
1487 1.658609421861087e-05 4.3255
1488 1.657416934268324e-05 4.3305
1489 1.656228863879603e-05 4.335500000000001
1490 1.655039002292657e-05 4.3405
1491 1.653853407780765e-05 4.3455
1492 1.652670604421507e-05 4.3505
1493 1.651488624200496e-05 4.3555
1494 1.650309193792937e-05 4.3605
1495 1.649133833892626e-05 4.365500000000001
1496 1.64795878007403e-05 4.370500000000001
1497 1.646804247985388e-05 4.375500000000001
1498 1.645622606496407e-05 4.380500000000001
1499 1.644454360937112e-05 4.3855
1500 1.643290018445e-05 4.3905
1501 1.642146274572533e-05 4.3955
1502 1.640972572714301e-05 4.4005
1503 1.639811302416647e-05 4.405500000000001
1504 1.638653868569635e-05 4.410500000000001
1505 1.637519356380606e-05 4.415500000000001
1506 1.636352971577683e-05 4.420500000000001
1507 1.635222732741059e-05 4.4255
1508 1.634062262869682e-05 4.4305
1509 1.632935731961933e-05 4.4355
1510 1.631778005338017e-05 4.4405
1511 1.630655960555606e-05 4.4455
1512 1.629502845890016e-05 4.450500000000001
1513 1.628383101286083e-05 4.455500000000001
1514 1.62723556772687e-05 4.460500000000001
1515 1.626100958357011e-05 4.4655
1516 1.624968980301952e-05 4.4705
1517 1.623859606225382e-05 4.4755
1518 1.622718699696543e-05 4.4805
1519 1.621614798778377e-05 4.4855
1520 1.620478812792156e-05 4.490500000000001
1521 1.619377391452941e-05 4.495500000000001
1522 1.618246001501615e-05 4.500500000000001
1523 1.617148944947536e-05 4.505500000000001
1524 1.616023171656505e-05 4.5105
1525 1.614928867704049e-05 4.5155
1526 1.613805559821559e-05 4.5205
1527 1.612717134042799e-05 4.5255
1528 1.611598233520466e-05 4.530500000000001
1529 1.610514064768337e-05 4.535500000000001
1530 1.609400392566881e-05 4.540500000000001
1531 1.608318681981398e-05 4.545500000000001
1532 1.607228897655694e-05 4.5505
1533 1.606121627039304e-05 4.5555
1534 1.605046232853376e-05 4.5605
1535 1.603962692372155e-05 4.5655
1536 1.602881251457246e-05 4.5705
1537 1.601784961073032e-05 4.575500000000001
1538 1.600714769855857e-05 4.580500000000001
1539 1.599639293549167e-05 4.585500000000001
1540 1.598569407549868e-05 4.5905
1541 1.59749244900631e-05 4.5955
1542 1.596423406340889e-05 4.6005
1543 1.595357574852612e-05 4.6055
1544 1.59429424122327e-05 4.6105
1545 1.593228048372839e-05 4.615500000000001
1546 1.592168491728567e-05 4.620500000000001
1547 1.591108188303623e-05 4.625500000000001
1548 1.590053858861136e-05 4.630500000000001
1549 1.588998133957649e-05 4.6355
1550 1.587946097893561e-05 4.6405
1551 1.586896498860022e-05 4.6455
1552 1.585849792229056e-05 4.6505
1553 1.584800366578518e-05 4.655500000000001
1554 1.583741762517167e-05 4.660500000000001
1555 1.582689927859087e-05 4.665500000000001
1556 1.581658016035501e-05 4.670500000000001
1557 1.580623142863708e-05 4.6755
1558 1.579590709209326e-05 4.6805
1559 1.578537770473749e-05 4.6855
1560 1.577516114276077e-05 4.6905
1561 1.576469989056529e-05 4.695500000000001
1562 1.575439472203717e-05 4.700500000000001
1563 1.574408391305478e-05 4.705500000000001
1564 1.573384232781673e-05 4.710500000000001
1565 1.572351408413555e-05 4.7155
1566 1.571330508685195e-05 4.7205
1567 1.570308202142972e-05 4.7255
1568 1.56929104832009e-05 4.7305
1569 1.568295126135844e-05 4.7355
1570 1.567292790247522e-05 4.740500000000001
1571 1.566265653037154e-05 4.745500000000001
1572 1.56527348295565e-05 4.750500000000001
1573 1.564264217128478e-05 4.755500000000001
1574 1.563256623079614e-05 4.7605
1575 1.56226619022705e-05 4.7655
1576 1.561257347853887e-05 4.7705
1577 1.560257448830508e-05 4.7755
1578 1.559262805283675e-05 4.780500000000001
1579 1.558269561945875e-05 4.785500000000001
1580 1.55728005521811e-05 4.790500000000001
1581 1.556292719561874e-05 4.795500000000001
1582 1.555308512938923e-05 4.8005
1583 1.55432602099181e-05 4.8055
1584 1.553345568408117e-05 4.8105
1585 1.552368613083227e-05 4.8155
1586 1.551392803062252e-05 4.820500000000001
1587 1.550421030033543e-05 4.825500000000001
1588 1.54945093281278e-05 4.830500000000001
1589 1.548483296049206e-05 4.835500000000001
1590 1.547535478759779e-05 4.8405
1591 1.546562332371966e-05 4.8455
1592 1.545601693002676e-05 4.8505
1593 1.544644632918641e-05 4.8555
1594 1.543688537971329e-05 4.8605
1595 1.542735430538521e-05 4.865500000000001
1596 1.541800417946049e-05 4.870500000000001
1597 1.540842518124584e-05 4.875500000000001
1598 1.539897094970379e-05 4.880500000000001
1599 1.538955914356388e-05 4.8855
1600 1.538030820254041e-05 4.8905
1601 1.53708273431807e-05 4.8955
1602 1.536166367370944e-05 4.9005
1603 1.535223098459716e-05 4.905500000000001
1604 1.534310333424104e-05 4.910500000000001
1605 1.533371344062286e-05 4.915500000000001
1606 1.532463870276829e-05 4.920500000000001
1607 1.531530635691599e-05 4.9255
1608 1.530627646260952e-05 4.9305
1609 1.52969938728984e-05 4.9355
1610 1.528783654445753e-05 4.9405
1611 1.527889537134691e-05 4.945500000000001
1612 1.526969521358405e-05 4.950500000000001
1613 1.526060855323955e-05 4.955500000000001
1614 1.525173282300166e-05 4.960500000000001
1615 1.524262514960309e-05 4.9655
1616 1.523379976748097e-05 4.9705
1617 1.522472826265921e-05 4.9755
1618 1.521596669157258e-05 4.9805
1619 1.520695200584979e-05 4.9855
1620 1.519823374565337e-05 4.990500000000001
1621 1.518926850093286e-05 4.995500000000001
1622 1.518060257897901e-05 5.000500000000001
1623 1.517186266346813e-05 5.005500000000001
1624 1.516314759992321e-05 5.0105
1625 1.515445753733142e-05 5.0155
1626 1.51457935731878e-05 5.0205
1627 1.513715163220777e-05 5.0255
1628 1.512836502523271e-05 5.030500000000001
1629 1.511988185815421e-05 5.035500000000001
1630 1.511132143092046e-05 5.040500000000001
1631 1.510278784643715e-05 5.045500000000001
1632 1.509428400924521e-05 5.0505
1633 1.508580075966083e-05 5.0555
1634 1.507734361231202e-05 5.0605
1635 1.506891517822067e-05 5.0655
1636 1.506050683423818e-05 5.070500000000001
1637 1.505213483793898e-05 5.075500000000001
1638 1.504378602554184e-05 5.080500000000001
1639 1.503545414998471e-05 5.085500000000001
1640 1.502714816069655e-05 5.0905
1641 1.50188856988694e-05 5.0955
1642 1.501065100059993e-05 5.1005
1643 1.500243546334621e-05 5.1055
1644 1.499424076441644e-05 5.1105
1645 1.498607571507641e-05 5.115500000000001
1646 1.497794441673812e-05 5.120500000000001
1647 1.496983472681119e-05 5.125500000000001
1648 1.496175274294614e-05 5.130500000000001
1649 1.495369821363288e-05 5.1355
1650 1.494567812902512e-05 5.1405
1651 1.493767209347552e-05 5.1455
1652 1.492970447387551e-05 5.1505
1653 1.492176065202308e-05 5.155500000000001
1654 1.491384253417449e-05 5.160500000000001
1655 1.490595083591669e-05 5.165500000000001
1656 1.489808494312891e-05 5.170500000000001
1657 1.489024860047095e-05 5.1755
1658 1.488243465753653e-05 5.1805
1659 1.487465016386801e-05 5.1855
1660 1.48668956347646e-05 5.1905
1661 1.485916195094115e-05 5.195500000000001
1662 1.485146158263502e-05 5.200500000000001
1663 1.484378153423011e-05 5.205500000000001
1664 1.483613477998822e-05 5.210500000000001
1665 1.48285074994235e-05 5.2155
1666 1.482091269388123e-05 5.2205
1667 1.481334550231596e-05 5.2255
1668 1.480579992415931e-05 5.2305
1669 1.479827988925408e-05 5.2355
1670 1.479079242535531e-05 5.240500000000001
1671 1.478333591210635e-05 5.245500000000001
1672 1.477589781531025e-05 5.250500000000001
1673 1.476848726652903e-05 5.255500000000001
1674 1.476110605173875e-05 5.2605
1675 1.475374953589927e-05 5.2655
1676 1.474642190900803e-05 5.2705
1677 1.473911913209415e-05 5.2755
1678 1.473184301887062e-05 5.280500000000001
1679 1.472459420824849e-05 5.285500000000001
1680 1.471737123200681e-05 5.290500000000001
1681 1.471017264827112e-05 5.295500000000001
1682 1.470300273398796e-05 5.3005
1683 1.469585725103254e-05 5.3055
1684 1.468874205786261e-05 5.3105
1685 1.468165521808962e-05 5.3155
1686 1.46745912135994e-05 5.320500000000001
1687 1.466755386510462e-05 5.325500000000001
1688 1.466054035424522e-05 5.330500000000001
1689 1.465355550660383e-05 5.335500000000001
1690 1.464659369925706e-05 5.3405
1691 1.463966177344875e-05 5.3455
1692 1.463275578564199e-05 5.3505
1693 1.462587108298512e-05 5.3555
1694 1.461901414459493e-05 5.3605
1695 1.461218806136782e-05 5.365500000000001
1696 1.460538453136141e-05 5.370500000000001
1697 1.459860599683832e-05 5.375500000000001
1698 1.459185543036758e-05 5.380500000000001
1699 1.458513463387141e-05 5.3855
1700 1.457843306350002e-05 5.3905
1701 1.457175705391557e-05 5.3955
1702 1.456510786888721e-05 5.4005
1703 1.455848280697885e-05 5.405500000000001
1704 1.455188689047225e-05 5.410500000000001
1705 1.454531394296635e-05 5.415500000000001
1706 1.453876702167886e-05 5.420500000000001
1707 1.45322467332306e-05 5.4255
1708 1.452575097666978e-05 5.4305
1709 1.451927968029384e-05 5.4355
1710 1.451283396223592e-05 5.4405
1711 1.450641444507513e-05 5.445500000000001
1712 1.450001789688234e-05 5.450500000000001
1713 1.449365143736176e-05 5.455500000000001
1714 1.448730552838259e-05 5.460500000000001
1715 1.448098619557694e-05 5.4655
1716 1.447469140947676e-05 5.4705
1717 1.446842272322654e-05 5.4755
1718 1.446217676101864e-05 5.4805
1719 1.445595643382053e-05 5.4855
1720 1.444976297470127e-05 5.490500000000001
1721 1.44435924448971e-05 5.495500000000001
1722 1.443744636408729e-05 5.500500000000001
1723 1.443132617077608e-05 5.505500000000001
1724 1.442522985097083e-05 5.5105
1725 1.441915770422016e-05 5.5155
1726 1.441311025368154e-05 5.5205
1727 1.440708808694113e-05 5.5255
1728 1.440108996832294e-05 5.530500000000001
1729 1.439511744235607e-05 5.535500000000001
1730 1.438916476144245e-05 5.540500000000001
1731 1.43832415869625e-05 5.545500000000001
1732 1.437734054057998e-05 5.5505
1733 1.437146422079002e-05 5.5555
1734 1.436560982803068e-05 5.5605
1735 1.435976451877521e-05 5.5655
1736 1.43539792547129e-05 5.570500000000001
1737 1.43481805090233e-05 5.575500000000001
1738 1.434244203959593e-05 5.580500000000001
1739 1.433670799964862e-05 5.585500000000001
1740 1.433099828350629e-05 5.5905
1741 1.432531196882302e-05 5.5955
1742 1.431988817087104e-05 5.6005
1743 1.431410790598828e-05 5.6055
1744 1.430872159023143e-05 5.6105
1745 1.430298186272038e-05 5.615500000000001
1746 1.429763590827999e-05 5.620500000000001
1747 1.42919206318864e-05 5.625500000000001
1748 1.428664251564139e-05 5.630500000000001
1749 1.428096574076452e-05 5.6355
1750 1.427572596195838e-05 5.6405
1751 1.427432595645251e-05 5.6455
1752 1.426698900031013e-05 5.6505
1753 1.426155316262576e-05 5.655500000000001
1754 1.426007149139437e-05 5.660500000000001
1755 1.425267032243459e-05 5.665500000000001
1756 1.424722207933088e-05 5.670500000000001
1757 1.424573029005031e-05 5.6755
1758 1.423835895066412e-05 5.6805
1759 1.423294177540348e-05 5.6855
1760 1.423146494351967e-05 5.6905
1761 1.42241612125276e-05 5.695500000000001
1762 1.421877367557491e-05 5.700500000000001
1763 1.421729877554636e-05 5.705500000000001
1764 1.421006969771676e-05 5.710500000000001
1765 1.420867837328564e-05 5.7155
1766 1.42013717544335e-05 5.7205
1767 1.419995653835817e-05 5.7255
1768 1.419265155663127e-05 5.7305
1769 1.419123432271443e-05 5.7355
1770 1.418395317887202e-05 5.740500000000001
1771 1.418253932223138e-05 5.745500000000001
1772 1.417527631348027e-05 5.750500000000001
1773 1.417388881507227e-05 5.755500000000001
1774 1.416668207706653e-05 5.7605
1775 1.416528256093425e-05 5.7655
1776 1.415810493554251e-05 5.7705
1777 1.415672807701522e-05 5.7755
1778 1.414960179777041e-05 5.780500000000001
1779 1.414822761591119e-05 5.785500000000001
1780 1.414115529762516e-05 5.790500000000001
1781 1.413978995196061e-05 5.795500000000001
1782 1.413276568599701e-05 5.8005
1783 1.413141951056785e-05 5.8055
1784 1.41244510864281e-05 5.8105
1785 1.412310232994779e-05 5.8155
1786 1.41161605093384e-05 5.820500000000001
1787 1.411483675706874e-05 5.825500000000001
1788 1.410795019658524e-05 5.830500000000001
1789 1.410663750529008e-05 5.835500000000001
1790 1.409979919508411e-05 5.8405
1791 1.409848885272574e-05 5.8455
1792 1.409170832137848e-05 5.8505
1793 1.409041417119332e-05 5.8555
1794 1.408367857733856e-05 5.8605
1795 1.408239424740826e-05 5.865500000000001
1796 1.407570847358413e-05 5.870500000000001
1797 1.40744281713543e-05 5.875500000000001
1798 1.406780040432905e-05 5.880500000000001
1799 1.406653759282213e-05 5.8855
1800 1.405995087057551e-05 5.8905
1801 1.405869886484007e-05 5.8955
1802 1.405216242257189e-05 5.9005
1803 1.405092483209504e-05 5.905500000000001
1804 1.404443494647804e-05 5.910500000000001
1805 1.404320716503532e-05 5.915500000000001
1806 1.40369731335708e-05 5.920500000000001
1807 1.403561725099139e-05 5.9255
1808 1.402921777549919e-05 5.9305
1809 1.402800710284178e-05 5.9355
1810 1.402187190229282e-05 5.9405
1811 1.402053735990246e-05 5.945500000000001
1812 1.401443610727805e-05 5.950500000000001
1813 1.40131062559892e-05 5.955500000000001
1814 1.400703388949512e-05 5.960500000000001
1815 1.400574438169851e-05 5.9655
1816 1.39997400698553e-05 5.9705
1817 1.399842902294168e-05 5.9755
1818 1.399247371795688e-05 5.9805
1819 1.399118692992773e-05 5.9855
1820 1.398526700671558e-05 5.990500000000001
1821 1.398398999347861e-05 5.995500000000001
1822 1.397809326011323e-05 6.000500000000001
1823 1.397684712710352e-05 6.005500000000001
1824 1.397100485602657e-05 6.0105
1825 1.396976417877039e-05 6.0155
1826 1.396397272611031e-05 6.0205
1827 1.396274509647902e-05 6.0255
1828 1.395699543559622e-05 6.030500000000001
1829 1.395577731050914e-05 6.035500000000001
1830 1.395007612816749e-05 6.040500000000001
1831 1.394887189505642e-05 6.045500000000001
1832 1.394321255847604e-05 6.0505
1833 1.394202023433602e-05 6.0555
1834 1.393642973739475e-05 6.0605
1835 1.393521937938384e-05 6.0655
1836 1.392965328113837e-05 6.070500000000001
1837 1.392847841472232e-05 6.075500000000001
1838 1.392296043069212e-05 6.080500000000001
1839 1.392180051177866e-05 6.085500000000001
1840 1.391634612270174e-05 6.0905
1841 1.391517198723903e-05 6.0955
1842 1.390976249273413e-05 6.1005
1843 1.390859812011323e-05 6.1055
1844 1.390323532523629e-05 6.1105
1845 1.390207218017392e-05 6.115500000000001
1846 1.389674139701575e-05 6.120500000000001
1847 1.38956265564325e-05 6.125500000000001
1848 1.389034899160021e-05 6.130500000000001
1849 1.388922474742495e-05 6.1355
1850 1.388696912098275e-05 6.1405
1851 1.38815316925861e-05 6.1455
1852 1.388039191884167e-05 6.1505
1853 1.387812917428259e-05 6.155500000000001
1854 1.387268649823837e-05 6.160500000000001
1855 1.387157049575674e-05 6.165500000000001
1856 1.386932242428939e-05 6.170500000000001
1857 1.386393201591868e-05 6.1755
1858 1.386281378633344e-05 6.1805
1859 1.386059435488163e-05 6.1855
1860 1.385526324150563e-05 6.1905
1861 1.385416855118144e-05 6.195500000000001
1862 1.385196862082688e-05 6.200500000000001
1863 1.38466854979731e-05 6.205500000000001
1864 1.384560459532365e-05 6.210500000000001
1865 1.384343021229502e-05 6.2155
1866 1.383820625372907e-05 6.2205
1867 1.383713956145819e-05 6.2255
1868 1.383499207226359e-05 6.2305
1869 1.382982740468773e-05 6.2355
1870 1.382876036189901e-05 6.240500000000001
1871 1.382664740576389e-05 6.245500000000001
1872 1.38215507295322e-05 6.250500000000001
1873 1.382050059091647e-05 6.255500000000001
1874 1.381841213639267e-05 6.2605
1875 1.3813382468898e-05 6.2655
1876 1.381233507541547e-05 6.2705
1877 1.38102805098615e-05 6.2755
1878 1.380530901909142e-05 6.280500000000001
1879 1.380427544357623e-05 6.285500000000001
1880 1.380225179257987e-05 6.290500000000001
1881 1.379732879994969e-05 6.295500000000001
1882 1.379632149012821e-05 6.3005
1883 1.379431724739247e-05 6.3055
1884 1.378945509725073e-05 6.3105
1885 1.37884750432245e-05 6.3155
1886 1.378648686164241e-05 6.320500000000001
1887 1.378168041372663e-05 6.325500000000001
1888 1.37807009317351e-05 6.330500000000001
1889 1.3778749076385e-05 6.335500000000001
1890 1.377400854648363e-05 6.3405
1891 1.37730502756281e-05 6.3455
1892 1.37711233303102e-05 6.3505
1893 1.376643670963644e-05 6.3555
1894 1.376549919007496e-05 6.360500000000001
1895 1.376359029295216e-05 6.365500000000001
1896 1.375896159265745e-05 6.370500000000001
1897 1.375803091561117e-05 6.375500000000001
1898 1.375615789400099e-05 6.380500000000001
1899 1.375160812751448e-05 6.3855
1900 1.375067710882014e-05 6.3905
1901 1.374882464934652e-05 6.3955
1902 1.374430752047125e-05 6.4005
1903 1.374340451081674e-05 6.405500000000001
1904 1.374158409350493e-05 6.410500000000001
1905 1.373712932782448e-05 6.415500000000001
1906 1.37362432646903e-05 6.420500000000001
1907 1.37344475161713e-05 6.4255
1908 1.373006361603682e-05 6.4305
1909 1.372918704140487e-05 6.4355
1910 1.372740663133617e-05 6.4405
1911 1.372548281346005e-05 6.445500000000001
1912 1.372108731881493e-05 6.450500000000001
1913 1.372023197399612e-05 6.455500000000001
1914 1.37184735830727e-05 6.460500000000001
1915 1.371657388537448e-05 6.4655
1916 1.371224204109996e-05 6.4705
1917 1.371138923157455e-05 6.4755
1918 1.370966684967048e-05 6.4805
1919 1.370779784940791e-05 6.485500000000001
1920 1.370354223082632e-05 6.490500000000001
1921 1.370269820681084e-05 6.495500000000001
1922 1.370100725160979e-05 6.500500000000001
1923 1.369917053698238e-05 6.505500000000001
1924 1.369498298481335e-05 6.5105
1925 1.369415626085078e-05 6.5155
1926 1.369249227750253e-05 6.5205
1927 1.369068817705707e-05 6.5255
1928 1.36865716190375e-05 6.530500000000001
1929 1.368575499983472e-05 6.535500000000001
1930 1.368413047064677e-05 6.540500000000001
1931 1.368235931161688e-05 6.545500000000001
1932 1.368146726448854e-05 6.5505
1933 1.368055224287492e-05 6.5555
1934 1.367963651136788e-05 6.5605
1935 1.36786351366378e-05 6.5655
1936 1.367757952672393e-05 6.570500000000001
1937 1.367649360202031e-05 6.575500000000001
1938 1.367538951070866e-05 6.580500000000001
1939 1.367427353333794e-05 6.585500000000001
1940 1.367315009314997e-05 6.5905
1941 1.367202272212751e-05 6.5955
1942 1.367088622515111e-05 6.6005
1943 1.366974707897454e-05 6.6055
1944 1.366860561233222e-05 6.610500000000001
1945 1.366746228651153e-05 6.615500000000001
1946 1.366631796127428e-05 6.620500000000001
1947 1.36651728613924e-05 6.625500000000001
1948 1.366402749472352e-05 6.630500000000001
1949 1.366288221792603e-05 6.6355
1950 1.366173731306424e-05 6.6405
1951 1.366059294260196e-05 6.6455
1952 1.365944953088503e-05 6.6505
1953 1.365830721808866e-05 6.655500000000001
1954 1.365716618965673e-05 6.660500000000001
1955 1.365602645620889e-05 6.665500000000001
1956 1.365488817141063e-05 6.670500000000001
1957 1.365375153978207e-05 6.6755
1958 1.365261652284603e-05 6.6805
1959 1.365148350792157e-05 6.6855
1960 1.365035244552969e-05 6.6905
1961 1.3649223300044e-05 6.695500000000001
1962 1.364809626492927e-05 6.700500000000001
1963 1.364697109233036e-05 6.705500000000001
1964 1.364584837950512e-05 6.710500000000001
1965 1.364472788616414e-05 6.7155
1966 1.364360966362974e-05 6.7205
1967 1.36424936501646e-05 6.7255
1968 1.364138014969796e-05 6.7305
1969 1.364026924670465e-05 6.735500000000001
1970 1.363916060386094e-05 6.740500000000001
1971 1.363805429340807e-05 6.745500000000001
1972 1.363695060875941e-05 6.750500000000001
1973 1.363584947262665e-05 6.755500000000001
1974 1.363475105815234e-05 6.7605
1975 1.363365511868176e-05 6.7655
1976 1.363256165595751e-05 6.7705
1977 1.363147087542315e-05 6.7755
1978 1.363038253607697e-05 6.780500000000001
1979 1.362929711926701e-05 6.785500000000001
1980 1.362821440450664e-05 6.790500000000001
1981 1.362713436470617e-05 6.795500000000001
1982 1.362605702914685e-05 6.8005
1983 1.362498240861091e-05 6.8055
1984 1.362391064381412e-05 6.8105
1985 1.362284150488583e-05 6.8155
1986 1.362177506929135e-05 6.820500000000001
1987 1.362071143991696e-05 6.825500000000001
1988 1.361965058662379e-05 6.830500000000001
1989 1.361859252337303e-05 6.835500000000001
1990 1.361753725484482e-05 6.8405
1991 1.361648480397174e-05 6.8455
1992 1.361543514620937e-05 6.8505
1993 1.361438826166776e-05 6.8555
1994 1.361334423221212e-05 6.860500000000001
1995 1.361230302917979e-05 6.865500000000001
1996 1.361126455578784e-05 6.870500000000001
1997 1.361022900558909e-05 6.875500000000001
1998 1.360919634891151e-05 6.880500000000001
1999 1.360816649141066e-05 6.8855
2000 1.360713941894769e-05 6.8905
2001 1.360611530486451e-05 6.8955
2002 1.360509391094649e-05 6.9005
2003 1.360407544275395e-05 6.905500000000001
2004 1.360305981414794e-05 6.910500000000001
2005 1.360204703639843e-05 6.915500000000001
2006 1.360103711304892e-05 6.920500000000001
2007 1.360003004545877e-05 6.9255
2008 1.359902583458633e-05 6.9305
2009 1.359802486489379e-05 6.9355
2010 1.359702623389745e-05 6.9405
2011 1.359603045364137e-05 6.945500000000001
2012 1.359503750944511e-05 6.950500000000001
2013 1.359404758479067e-05 6.955500000000001
2014 1.359306055795554e-05 6.960500000000001
2015 1.359207637431773e-05 6.9655
2016 1.359109525695364e-05 6.9705
2017 1.359011677201137e-05 6.9755
2018 1.358914107668987e-05 6.9805
2019 1.358816825734388e-05 6.985500000000001
2020 1.358719833454827e-05 6.990500000000001
2021 1.358623120364279e-05 6.995500000000001
2022 1.358526698433761e-05 7.000500000000001
2023 1.358430560173631e-05 7.005500000000001
2024 1.358334725478894e-05 7.0105
2025 1.358239150772653e-05 7.0155
2026 1.358143865632164e-05 7.0205
2027 1.358048863155008e-05 7.0255
2028 1.357954145147595e-05 7.030500000000001
2029 1.357859593996112e-05 7.035500000000001
2030 1.357765564845319e-05 7.040500000000001
2031 1.357671688694311e-05 7.045500000000001
2032 1.357578102716124e-05 7.0505
2033 1.357484792314599e-05 7.0555
2034 1.357391773820175e-05 7.0605
2035 1.357299036507967e-05 7.0655
2036 1.357206600732103e-05 7.070500000000001
2037 1.357114430070978e-05 7.075500000000001
2038 1.357022539164134e-05 7.080500000000001
2039 1.356930933903242e-05 7.085500000000001
2040 1.356839603925521e-05 7.0905
2041 1.356748554605038e-05 7.0955
2042 1.356657785891348e-05 7.1005
2043 1.356567298228939e-05 7.1055
2044 1.356477090189129e-05 7.110500000000001
2045 1.356387154313012e-05 7.115500000000001
2046 1.356297508294411e-05 7.120500000000001
2047 1.3562081270796e-05 7.125500000000001
2048 1.356119035312922e-05 7.130500000000001
2049 1.356030225283351e-05 7.1355
2050 1.355941686335786e-05 7.1405
2051 1.355853424830813e-05 7.1455
2052 1.355765440162534e-05 7.1505
2053 1.355677723977609e-05 7.155500000000001
2054 1.355590291887825e-05 7.160500000000001
2055 1.35550313723603e-05 7.165500000000001
2056 1.355416255778186e-05 7.170500000000001
2057 1.355329640896244e-05 7.1755
2058 1.355243311873803e-05 7.1805
2059 1.355157247312411e-05 7.1855
2060 1.355071467064607e-05 7.1905
2061 1.35498594880994e-05 7.195500000000001
2062 1.354900753564471e-05 7.200500000000001
2063 1.354815786417441e-05 7.205500000000001
2064 1.354731082953841e-05 7.210500000000001
2065 1.354646657758124e-05 7.2155
2066 1.354562502299699e-05 7.2205
2067 1.354478624552302e-05 7.2255
2068 1.354395013712411e-05 7.2305
2069 1.354311671539377e-05 7.235500000000001
2070 1.354228601827979e-05 7.240500000000001
2071 1.354145799959643e-05 7.245500000000001
2072 1.354063270124762e-05 7.250500000000001
2073 1.353981011574435e-05 7.255500000000001
2074 1.353899013317839e-05 7.2605
2075 1.353817284761437e-05 7.2655
2076 1.353735823456064e-05 7.2705
2077 1.353654629389911e-05 7.2755
2078 1.353573700527297e-05 7.280500000000001
2079 1.353493037847881e-05 7.285500000000001
2080 1.353412633517575e-05 7.290500000000001
2081 1.353332502592027e-05 7.295500000000001
2082 1.353252635973193e-05 7.3005
2083 1.353173020214401e-05 7.3055
2084 1.353093680943134e-05 7.3105
2085 1.353014607320888e-05 7.3155
2086 1.352935794903697e-05 7.320500000000001
2087 1.352857243496034e-05 7.325500000000001
2088 1.352778960274487e-05 7.330500000000001
2089 1.35270093774724e-05 7.335500000000001
2090 1.352623164814263e-05 7.3405
2091 1.352545645624178e-05 7.3455
2092 1.352468391651183e-05 7.3505
2093 1.352391414235954e-05 7.3555
2094 1.352314665360932e-05 7.360500000000001
2095 1.352238205464976e-05 7.365500000000001
2096 1.352161996667894e-05 7.370500000000001
2097 1.352086051153374e-05 7.375500000000001
2098 1.352010357958533e-05 7.380500000000001
2099 1.351934910224009e-05 7.3855
2100 1.35185972239931e-05 7.3905
2101 1.351784801243214e-05 7.3955
2102 1.351710124266793e-05 7.4005
2103 1.351635697830151e-05 7.405500000000001
2104 1.351561525724796e-05 7.410500000000001
2105 1.351487617052902e-05 7.415500000000001
2106 1.351413953866702e-05 7.420500000000001
2107 1.351340554572994e-05 7.4255
2108 1.351267401958338e-05 7.4305
2109 1.351194489054113e-05 7.4355
2110 1.351121859503424e-05 7.4405
2111 1.351049462213943e-05 7.445500000000001
2112 1.350977318362206e-05 7.450500000000001
2113 1.350905427377864e-05 7.455500000000001
2114 1.350833775355685e-05 7.460500000000001
2115 1.350762376713316e-05 7.4655
2116 1.350691224344949e-05 7.4705
2117 1.350620329787715e-05 7.4755
2118 1.350549676480622e-05 7.4805
2119 1.350479269994143e-05 7.485500000000001
2120 1.350409111084007e-05 7.490500000000001
2121 1.350339198638792e-05 7.495500000000001
2122 1.350269532192742e-05 7.500500000000001
2123 1.350200088603044e-05 7.505500000000001
2124 1.35013091642606e-05 7.5105
2125 1.35006198852716e-05 7.5155
2126 1.349993331622545e-05 7.5205
2127 1.349924883637811e-05 7.5255
2128 1.349856678990707e-05 7.530500000000001
2129 1.349788718701982e-05 7.535500000000001
2130 1.349721001564741e-05 7.540500000000001
2131 1.349653529857513e-05 7.545500000000001
2132 1.349586289283899e-05 7.5505
2133 1.34951929822004e-05 7.5555
2134 1.349452555627493e-05 7.5605
2135 1.349386038963297e-05 7.5655
2136 1.349319764832012e-05 7.570500000000001
2137 1.349253729915925e-05 7.575500000000001
2138 1.349187932138975e-05 7.580500000000001
2139 1.349122362213855e-05 7.585500000000001
2140 1.349057042095427e-05 7.5905
2141 1.348991960796867e-05 7.5955
2142 1.348927114089338e-05 7.6005
2143 1.348862506076729e-05 7.6055
2144 1.348798220845432e-05 7.610500000000001
2145 1.348733980792333e-05 7.615500000000001
2146 1.348670067173469e-05 7.620500000000001
2147 1.348606405367767e-05 7.625500000000001
2148 1.348542970822799e-05 7.630500000000001
2149 1.348479763180624e-05 7.6355
2150 1.348416786533246e-05 7.6405
2151 1.348354031662355e-05 7.6455
2152 1.348291521945609e-05 7.6505
2153 1.348229246126919e-05 7.655500000000001
2154 1.348167192072232e-05 7.660500000000001
2155 1.348105376364619e-05 7.665500000000001
2156 1.348043780589456e-05 7.670500000000001
2157 1.347982420641319e-05 7.6755
2158 1.347921279797596e-05 7.6805
2159 1.347860381196991e-05 7.6855
2160 1.34779971059538e-05 7.6905
2161 1.34773928398905e-05 7.695500000000001
2162 1.347679056838116e-05 7.700500000000001
2163 1.347619065338248e-05 7.705500000000001
2164 1.347559296043122e-05 7.710500000000001
2165 1.34749974621953e-05 7.7155
2166 1.347440428027028e-05 7.7205
2167 1.347381335377992e-05 7.7255
2168 1.347322454579394e-05 7.7305
2169 1.347263904858014e-05 7.735500000000001
2170 1.34720549145288e-05 7.740500000000001
2171 1.347147266435803e-05 7.745500000000001
2172 1.347089343759066e-05 7.750500000000001
2173 1.347031485126967e-05 7.755500000000001
2174 1.346973958510995e-05 7.7605
2175 1.346916647988789e-05 7.7655
2176 1.346859571949371e-05 7.7705
2177 1.346802741344358e-05 7.7755
2178 1.346745893257947e-05 7.780500000000001
2179 1.346689649379154e-05 7.785500000000001
2180 1.346633356105317e-05 7.790500000000001
2181 1.346577248617301e-05 7.795500000000001
2182 1.346521474558748e-05 7.8005
2183 1.346465931954665e-05 7.8055
2184 1.346410595661941e-05 7.8105
2185 1.346355452999186e-05 7.8155
2186 1.346300565576622e-05 7.820500000000001
2187 1.34624586216122e-05 7.825500000000001
2188 1.346191369109833e-05 7.830500000000001
2189 1.34613713087919e-05 7.835500000000001
2190 1.346083059550625e-05 7.8405
2191 1.34602911120857e-05 7.8455
2192 1.345975577990044e-05 7.8505
2193 1.345922215907682e-05 7.8555
2194 1.345868982624178e-05 7.860500000000001
2195 1.345815964251976e-05 7.865500000000001
2196 1.345763164146402e-05 7.870500000000001
2197 1.345710577418237e-05 7.875500000000001
2198 1.345658137944491e-05 7.880500000000001
2199 1.345605985123438e-05 7.8855
2200 1.345554043635708e-05 7.8905
2201 1.345502305342475e-05 7.8955
2202 1.345450836507038e-05 7.9005
2203 1.345399486827355e-05 7.905500000000001
2204 1.345348359421603e-05 7.910500000000001
2205 1.345297420245565e-05 7.915500000000001
2206 1.345246723283397e-05 7.920500000000001
2207 1.345196144822607e-05 7.9255
2208 1.34514587129082e-05 7.9305
2209 1.345095787082613e-05 7.9355
2210 1.345045913012254e-05 7.9405
2211 1.344996228385763e-05 7.945500000000001
2212 1.344946743438369e-05 7.950500000000001
2213 1.344897464274022e-05 7.955500000000001
2214 1.344848397607861e-05 7.960500000000001
2215 1.344799515544525e-05 7.9655
2216 1.344750840536407e-05 7.9705
2217 1.344702367004699e-05 7.9755
2218 1.34465407148534e-05 7.9805
2219 1.344605974491845e-05 7.985500000000001
2220 1.344558116688452e-05 7.990500000000001
2221 1.34451044928533e-05 7.995500000000001
2222 1.344463006614579e-05 8.000500000000001
2223 1.344415725659839e-05 8.0055
2224 1.344368642071293e-05 8.0105
2225 1.344321759503247e-05 8.015499999999999
2226 1.344275088007128e-05 8.0205
2227 1.344228594329352e-05 8.025499999999999
2228 1.344182298931483e-05 8.0305
2229 1.344136205238564e-05 8.035500000000001
2230 1.344090358446416e-05 8.0405
2231 1.344044633440823e-05 8.045500000000001
2232 1.343999113020828e-05 8.0505
2233 1.343953707605531e-05 8.0555
2234 1.343908588357219e-05 8.060499999999999
2235 1.343863668621135e-05 8.0655
2236 1.34381893407969e-05 8.070500000000001
2237 1.34377438791366e-05 8.0755
2238 1.343730103478994e-05 8.080500000000001
2239 1.343685916737088e-05 8.0855
2240 1.343641869164983e-05 8.0905
2241 1.343598152115302e-05 8.095499999999999
2242 1.343554476705855e-05 8.1005
2243 1.343510167398169e-05 8.105499999999999
2244 1.343467813536367e-05 8.1105
2245 1.343425081873225e-05 8.115500000000001
2246 1.343382124316486e-05 8.1205
2247 1.343339407339709e-05 8.125500000000001
2248 1.343296917416402e-05 8.1305
2249 1.343254635163833e-05 8.1355
2250 1.343212528492343e-05 8.140499999999999
2251 1.343170610716303e-05 8.1455
2252 1.34312888008786e-05 8.150500000000001
2253 1.343087341294553e-05 8.1555
2254 1.343045978624777e-05 8.160500000000001
2255 1.34300480328861e-05 8.1655
2256 1.342963810133527e-05 8.170500000000001
2257 1.342922999887772e-05 8.1755
2258 1.34288237739302e-05 8.1805
2259 1.342841928897025e-05 8.185499999999999
2260 1.342801668210589e-05 8.1905
2261 1.34276173190781e-05 8.195500000000001
2262 1.342721745179021e-05 8.2005
2263 1.342682014740472e-05 8.205500000000001
2264 1.342642469545616e-05 8.2105
2265 1.342603103632352e-05 8.2155
2266 1.342563972819711e-05 8.220499999999999
2267 1.342524898222247e-05 8.2255
2268 1.342486051484769e-05 8.230499999999999
2269 1.342447439066228e-05 8.2355
2270 1.34240894999483e-05 8.240500000000001
2271 1.342370673482834e-05 8.2455
2272 1.342332460792879e-05 8.250500000000001
2273 1.34229453887668e-05 8.2555
2274 1.342256787881792e-05 8.2605
2275 1.342219209645923e-05 8.265499999999999
2276 1.342181956273434e-05 8.2705
2277 1.342144617329379e-05 8.275500000000001
2278 1.342107518835159e-05 8.2805
2279 1.342070644806696e-05 8.285500000000001
2280 1.342033914498533e-05 8.2905
2281 1.341997386918788e-05 8.295500000000001
2282 1.341961001577077e-05 8.3005
2283 1.341924723316045e-05 8.3055
2284 1.341888601928601e-05 8.310499999999999
2285 1.341852839997718e-05 8.3155
2286 1.341817164337594e-05 8.320500000000001
2287 1.341781641701927e-05 8.3255
2288 1.341746292508417e-05 8.330500000000001
2289 1.341711105191021e-05 8.3355
2290 1.341676104780845e-05 8.3405
2291 1.341641249898687e-05 8.345499999999999
2292 1.341606566409662e-05 8.3505
2293 1.341572052771169e-05 8.355499999999999
2294 1.341537703529975e-05 8.3605
2295 1.341503522773835e-05 8.365499999999999
2296 1.341469508023231e-05 8.3705
2297 1.341435655584722e-05 8.375499999999999
2298 1.341401971091359e-05 8.3805
2299 1.341368448718937e-05 8.3855
2300 1.341335107259265e-05 8.390499999999999
2301 1.341301901616524e-05 8.3955
2302 1.341268889206776e-05 8.400499999999999
2303 1.341236020382692e-05 8.4055
2304 1.341203306376913e-05 8.410499999999999
2305 1.341170767381647e-05 8.4155
2306 1.341138394632901e-05 8.420499999999999
2307 1.34110617844091e-05 8.4255
2308 1.341074120014897e-05 8.4305
2309 1.341042225678399e-05 8.435499999999999
2310 1.341010495626162e-05 8.4405
2311 1.340978924351209e-05 8.445499999999999
2312 1.340947505650637e-05 8.4505
2313 1.340916241419927e-05 8.455499999999999
2314 1.340885122116088e-05 8.4605
2315 1.340854157529013e-05 8.4655
2316 1.340823414264905e-05 8.470499999999999
2317 1.340792757295283e-05 8.4755
2318 1.340762327036942e-05 8.480499999999999
2319 1.340732172694072e-05 8.4855
2320 1.340701967505743e-05 8.490499999999999
2321 1.340671879603609e-05 8.4955
2322 1.340642040331411e-05 8.500499999999999
2323 1.340612345860348e-05 8.5055
2324 1.340582805902748e-05 8.5105
2325 1.340553422966709e-05 8.515499999999999
2326 1.340524190455875e-05 8.5205
2327 1.340495023409693e-05 8.525499999999999
2328 1.340466078767052e-05 8.5305
2329 1.34043741323801e-05 8.535499999999999
2330 1.340408722715917e-05 8.5405
2331 1.340380258213001e-05 8.545499999999999
2332 1.340352027529659e-05 8.5505
2333 1.340323782176665e-05 8.5555
2334 1.340295764678958e-05 8.560499999999999
2335 1.34026790557441e-05 8.5655
2336 1.340240195262683e-05 8.570499999999999
2337 1.340212628911407e-05 8.5755
2338 1.340185210072845e-05 8.580499999999999
2339 1.340157937745109e-05 8.5855
2340 1.340130809887376e-05 8.5905
2341 1.340103841091537e-05 8.595499999999999
2342 1.3400770055394e-05 8.6005
2343 1.34005032403175e-05 8.605499999999999
2344 1.34002379297775e-05 8.6105
2345 1.33999740053099e-05 8.615499999999999
2346 1.339971170008035e-05 8.6205
2347 1.339945062665918e-05 8.625499999999999
2348 1.339919104376936e-05 8.6305
2349 1.339893292764856e-05 8.6355
2350 1.339867624556528e-05 8.640499999999999
2351 1.339842098717442e-05 8.6455
2352 1.339816714631752e-05 8.650499999999999
2353 1.33979147519793e-05 8.6555
2354 1.339766377053265e-05 8.660499999999999
2355 1.339741408639496e-05 8.6655
2356 1.339716599545737e-05 8.670499999999999
2357 1.339691927691928e-05 8.6755
2358 1.33966738803796e-05 8.6805
2359 1.339643000877534e-05 8.685499999999999
2360 1.339618751364017e-05 8.6905
2361 1.339594638245573e-05 8.695499999999999
2362 1.339570660029305e-05 8.7005
2363 1.339546832119253e-05 8.705499999999999
2364 1.339523133246112e-05 8.7105
2365 1.339499574490264e-05 8.7155
2366 1.339476153927891e-05 8.720499999999999
2367 1.339452870341647e-05 8.7255
2368 1.339429725550424e-05 8.730499999999999
2369 1.339406716340019e-05 8.7355
2370 1.3393838461759e-05 8.740499999999999
2371 1.339361104684441e-05 8.7455
2372 1.339338499126672e-05 8.750499999999999
2373 1.339316026503781e-05 8.7555
2374 1.339293691706126e-05 8.7605
2375 1.339271490666901e-05 8.765499999999999
2376 1.339249424701999e-05 8.7705
2377 1.339227491708656e-05 8.775499999999999
2378 1.33920568996107e-05 8.7805
2379 1.339184020824149e-05 8.785499999999999
2380 1.339162483948961e-05 8.7905
2381 1.339141076963162e-05 8.795499999999999
2382 1.339119803971735e-05 8.8005
2383 1.33909866173321e-05 8.8055
2384 1.339077649940246e-05 8.810499999999999
2385 1.33905676836321e-05 8.8155
2386 1.33903601674858e-05 8.820499999999999
2387 1.339015394099253e-05 8.8255
2388 1.338994880131577e-05 8.830499999999999
2389 1.338974530552952e-05 8.8355
2390 1.338954295108643e-05 8.8405
2391 1.338934189035145e-05 8.845499999999999
2392 1.338914301437389e-05 8.8505
2393 1.338894330261767e-05 8.855499999999999
2394 1.33887460501884e-05 8.8605
2395 1.338855020464252e-05 8.865499999999999
2396 1.338835548259611e-05 8.8705
2397 1.3388161748673e-05 8.875499999999999
2398 1.3387969606515e-05 8.8805
2399 1.338777868709915e-05 8.8855
2400 1.338758899033329e-05 8.890499999999999
2401 1.338740082436775e-05 8.8955
2402 1.338721351997744e-05 8.900499999999999
2403 1.338702745686225e-05 8.9055
2404 1.338684265270938e-05 8.910499999999999
2405 1.33866590917657e-05 8.9155
2406 1.338647677109461e-05 8.920500000000001
2407 1.338629570934887e-05 8.9255
2408 1.338611574828971e-05 8.9305
2409 1.338593706801583e-05 8.935499999999999
2410 1.338575960310673e-05 8.9405
2411 1.338558333567922e-05 8.945499999999999
2412 1.338540833255524e-05 8.9505
2413 1.338523537126879e-05 8.955499999999999
2414 1.338506161797547e-05 8.9605
2415 1.338489102855744e-05 8.9655
2416 1.33847197595277e-05 8.970499999999999
2417 1.338455143329117e-05 8.9755
2418 1.338438255153874e-05 8.980499999999999
2419 1.338421588414548e-05 8.9855
2420 1.338405031134304e-05 8.990499999999999
2421 1.338388599284786e-05 8.9955
2422 1.338372281153409e-05 9.000499999999999
2423 1.338356067184602e-05 9.0055
2424 1.338339978336614e-05 9.0105
2425 1.338324005993018e-05 9.015499999999999
2426 1.33830814525905e-05 9.0205
2427 1.338292400021607e-05 9.025499999999999
2428 1.338276776917169e-05 9.0305
2429 1.338261256496258e-05 9.035499999999999
2430 1.338245854673863e-05 9.0405
